mode: set
github.com/cryanbrow/eve-graphql-go/graph/helpers/time_helper.go:10.47,13.16 3 1
github.com/cryanbrow/eve-graphql-go/graph/helpers/time_helper.go:18.2,19.53 2 1
github.com/cryanbrow/eve-graphql-go/graph/helpers/time_helper.go:13.16,16.3 2 1
github.com/cryanbrow/eve-graphql-go/graph/helpers/rest_helper.go:15.179,17.14 2 1
github.com/cryanbrow/eve-graphql-go/graph/helpers/rest_helper.go:59.2,59.25 1 1
github.com/cryanbrow/eve-graphql-go/graph/helpers/rest_helper.go:17.14,19.17 2 1
github.com/cryanbrow/eve-graphql-go/graph/helpers/rest_helper.go:23.3,24.71 2 1
github.com/cryanbrow/eve-graphql-go/graph/helpers/rest_helper.go:27.3,27.46 1 1
github.com/cryanbrow/eve-graphql-go/graph/helpers/rest_helper.go:31.3,36.17 5 1
github.com/cryanbrow/eve-graphql-go/graph/helpers/rest_helper.go:40.3,41.17 2 1
github.com/cryanbrow/eve-graphql-go/graph/helpers/rest_helper.go:46.3,48.33 3 1
github.com/cryanbrow/eve-graphql-go/graph/helpers/rest_helper.go:52.3,52.17 1 1
github.com/cryanbrow/eve-graphql-go/graph/helpers/rest_helper.go:56.3,57.31 2 1
github.com/cryanbrow/eve-graphql-go/graph/helpers/rest_helper.go:19.17,22.4 2 1
github.com/cryanbrow/eve-graphql-go/graph/helpers/rest_helper.go:24.71,26.4 1 1
github.com/cryanbrow/eve-graphql-go/graph/helpers/rest_helper.go:27.46,29.4 1 1
github.com/cryanbrow/eve-graphql-go/graph/helpers/rest_helper.go:36.17,39.4 2 1
github.com/cryanbrow/eve-graphql-go/graph/helpers/rest_helper.go:41.17,44.4 2 1
github.com/cryanbrow/eve-graphql-go/graph/helpers/rest_helper.go:48.33,51.4 2 1
github.com/cryanbrow/eve-graphql-go/graph/helpers/rest_helper.go:52.17,55.4 2 0
github.com/cryanbrow/eve-graphql-go/graph/helpers/rest_helper.go:76.24,79.2 2 0
