mode: set
github.com/cryanbrow/eve-graphql-go/graph/helpers/time_helper.go:10.47,13.16 3 1
github.com/cryanbrow/eve-graphql-go/graph/helpers/time_helper.go:18.2,19.53 2 1
github.com/cryanbrow/eve-graphql-go/graph/helpers/time_helper.go:13.16,16.3 2 1
github.com/cryanbrow/eve-graphql-go/graph/model/models_gen.go:459.32,460.11 1 0
github.com/cryanbrow/eve-graphql-go/graph/model/models_gen.go:464.2,464.14 1 0
github.com/cryanbrow/eve-graphql-go/graph/model/models_gen.go:461.32,462.14 1 0
github.com/cryanbrow/eve-graphql-go/graph/model/models_gen.go:467.33,469.2 1 0
github.com/cryanbrow/eve-graphql-go/graph/model/models_gen.go:471.52,473.9 2 0
github.com/cryanbrow/eve-graphql-go/graph/model/models_gen.go:477.2,478.18 2 0
github.com/cryanbrow/eve-graphql-go/graph/model/models_gen.go:481.2,481.12 1 0
github.com/cryanbrow/eve-graphql-go/graph/model/models_gen.go:473.9,475.3 1 0
github.com/cryanbrow/eve-graphql-go/graph/model/models_gen.go:478.18,480.3 1 0
github.com/cryanbrow/eve-graphql-go/graph/model/models_gen.go:484.41,486.2 1 0
github.com/cryanbrow/eve-graphql-go/graph/model/models_gen.go:502.35,503.11 1 0
github.com/cryanbrow/eve-graphql-go/graph/model/models_gen.go:507.2,507.14 1 0
github.com/cryanbrow/eve-graphql-go/graph/model/models_gen.go:504.49,505.14 1 0
github.com/cryanbrow/eve-graphql-go/graph/model/models_gen.go:510.36,512.2 1 0
github.com/cryanbrow/eve-graphql-go/graph/model/models_gen.go:514.55,516.9 2 0
github.com/cryanbrow/eve-graphql-go/graph/model/models_gen.go:520.2,521.18 2 0
github.com/cryanbrow/eve-graphql-go/graph/model/models_gen.go:524.2,524.12 1 0
github.com/cryanbrow/eve-graphql-go/graph/model/models_gen.go:516.9,518.3 1 0
github.com/cryanbrow/eve-graphql-go/graph/model/models_gen.go:521.18,523.3 1 0
github.com/cryanbrow/eve-graphql-go/graph/model/models_gen.go:527.44,529.2 1 0
github.com/cryanbrow/eve-graphql-go/graph/model/models_gen.go:563.31,564.11 1 0
github.com/cryanbrow/eve-graphql-go/graph/model/models_gen.go:568.2,568.14 1 0
github.com/cryanbrow/eve-graphql-go/graph/model/models_gen.go:565.172,566.14 1 0
github.com/cryanbrow/eve-graphql-go/graph/model/models_gen.go:571.32,573.2 1 0
github.com/cryanbrow/eve-graphql-go/graph/model/models_gen.go:575.51,577.9 2 0
github.com/cryanbrow/eve-graphql-go/graph/model/models_gen.go:581.2,582.18 2 0
github.com/cryanbrow/eve-graphql-go/graph/model/models_gen.go:585.2,585.12 1 0
github.com/cryanbrow/eve-graphql-go/graph/model/models_gen.go:577.9,579.3 1 0
github.com/cryanbrow/eve-graphql-go/graph/model/models_gen.go:582.18,584.3 1 0
github.com/cryanbrow/eve-graphql-go/graph/model/models_gen.go:588.40,590.2 1 0
github.com/cryanbrow/eve-graphql-go/graph/model/models_gen.go:654.34,655.11 1 0
github.com/cryanbrow/eve-graphql-go/graph/model/models_gen.go:659.2,659.14 1 0
github.com/cryanbrow/eve-graphql-go/graph/model/models_gen.go:656.567,657.14 1 0
github.com/cryanbrow/eve-graphql-go/graph/model/models_gen.go:662.35,664.2 1 0
github.com/cryanbrow/eve-graphql-go/graph/model/models_gen.go:666.54,668.9 2 0
github.com/cryanbrow/eve-graphql-go/graph/model/models_gen.go:672.2,673.18 2 0
github.com/cryanbrow/eve-graphql-go/graph/model/models_gen.go:676.2,676.12 1 0
github.com/cryanbrow/eve-graphql-go/graph/model/models_gen.go:668.9,670.3 1 0
github.com/cryanbrow/eve-graphql-go/graph/model/models_gen.go:673.18,675.3 1 0
github.com/cryanbrow/eve-graphql-go/graph/model/models_gen.go:679.43,681.2 1 0
github.com/cryanbrow/eve-graphql-go/graph/model/models_gen.go:869.39,870.11 1 0
github.com/cryanbrow/eve-graphql-go/graph/model/models_gen.go:874.2,874.14 1 0
github.com/cryanbrow/eve-graphql-go/graph/model/models_gen.go:871.1656,872.14 1 0
github.com/cryanbrow/eve-graphql-go/graph/model/models_gen.go:877.40,879.2 1 0
github.com/cryanbrow/eve-graphql-go/graph/model/models_gen.go:881.59,883.9 2 0
github.com/cryanbrow/eve-graphql-go/graph/model/models_gen.go:887.2,888.18 2 0
github.com/cryanbrow/eve-graphql-go/graph/model/models_gen.go:891.2,891.12 1 0
github.com/cryanbrow/eve-graphql-go/graph/model/models_gen.go:883.9,885.3 1 0
github.com/cryanbrow/eve-graphql-go/graph/model/models_gen.go:888.18,890.3 1 0
github.com/cryanbrow/eve-graphql-go/graph/model/models_gen.go:894.48,896.2 1 0
github.com/cryanbrow/eve-graphql-go/graph/data_access/esi/alliance/alliance_rest.go:17.53,19.15 2 0
github.com/cryanbrow/eve-graphql-go/graph/data_access/esi/alliance/alliance_rest.go:22.2,27.16 5 0
github.com/cryanbrow/eve-graphql-go/graph/data_access/esi/alliance/alliance_rest.go:31.2,31.65 1 0
github.com/cryanbrow/eve-graphql-go/graph/data_access/esi/alliance/alliance_rest.go:36.2,36.22 1 0
github.com/cryanbrow/eve-graphql-go/graph/data_access/esi/alliance/alliance_rest.go:19.15,21.3 1 0
github.com/cryanbrow/eve-graphql-go/graph/data_access/esi/alliance/alliance_rest.go:27.16,29.3 1 0
github.com/cryanbrow/eve-graphql-go/graph/data_access/esi/alliance/alliance_rest.go:31.65,34.3 2 0
github.com/cryanbrow/eve-graphql-go/graph/generated/generated.go:23.63,29.2 1 0
github.com/cryanbrow/eve-graphql-go/graph/generated/generated.go:639.49,641.2 1 0
github.com/cryanbrow/eve-graphql-go/graph/generated/generated.go:643.128,646.32 3 0
github.com/cryanbrow/eve-graphql-go/graph/generated/generated.go:2803.2,2803.17 1 0
github.com/cryanbrow/eve-graphql-go/graph/generated/generated.go:648.26,649.43 1 0
github.com/cryanbrow/eve-graphql-go/graph/generated/generated.go:653.3,653.62 1 0
github.com/cryanbrow/eve-graphql-go/graph/generated/generated.go:655.38,656.54 1 0
github.com/cryanbrow/eve-graphql-go/graph/generated/generated.go:660.3,660.73 1 0
github.com/cryanbrow/eve-graphql-go/graph/generated/generated.go:662.41,663.56 1 0
github.com/cryanbrow/eve-graphql-go/graph/generated/generated.go:667.3,667.75 1 0
github.com/cryanbrow/eve-graphql-go/graph/generated/generated.go:669.29,670.45 1 0
github.com/cryanbrow/eve-graphql-go/graph/generated/generated.go:674.3,674.64 1 0
github.com/cryanbrow/eve-graphql-go/graph/generated/generated.go:676.31,677.47 1 0
github.com/cryanbrow/eve-graphql-go/graph/generated/generated.go:681.3,681.66 1 0
github.com/cryanbrow/eve-graphql-go/graph/generated/generated.go:683.39,684.55 1 0
github.com/cryanbrow/eve-graphql-go/graph/generated/generated.go:688.3,688.74 1 0
github.com/cryanbrow/eve-graphql-go/graph/generated/generated.go:690.42,691.57 1 0
github.com/cryanbrow/eve-graphql-go/graph/generated/generated.go:695.3,695.76 1 0
github.com/cryanbrow/eve-graphql-go/graph/generated/generated.go:697.26,698.43 1 0
github.com/cryanbrow/eve-graphql-go/graph/generated/generated.go:702.3,702.62 1 0
github.com/cryanbrow/eve-graphql-go/graph/generated/generated.go:704.29,705.45 1 0
github.com/cryanbrow/eve-graphql-go/graph/generated/generated.go:709.3,709.64 1 0
github.com/cryanbrow/eve-graphql-go/graph/generated/generated.go:711.23,712.40 1 0
github.com/cryanbrow/eve-graphql-go/graph/generated/generated.go:716.3,716.59 1 0
github.com/cryanbrow/eve-graphql-go/graph/generated/generated.go:718.25,719.42 1 0
github.com/cryanbrow/eve-graphql-go/graph/generated/generated.go:723.3,723.61 1 0
github.com/cryanbrow/eve-graphql-go/graph/generated/generated.go:725.28,726.45 1 0
github.com/cryanbrow/eve-graphql-go/graph/generated/generated.go:730.3,730.64 1 0
github.com/cryanbrow/eve-graphql-go/graph/generated/generated.go:732.31,733.47 1 0
github.com/cryanbrow/eve-graphql-go/graph/generated/generated.go:737.3,737.66 1 0
github.com/cryanbrow/eve-graphql-go/graph/generated/generated.go:739.30,740.47 1 0
github.com/cryanbrow/eve-graphql-go/graph/generated/generated.go:744.3,744.66 1 0
github.com/cryanbrow/eve-graphql-go/graph/generated/generated.go:746.21,747.38 1 0
github.com/cryanbrow/eve-graphql-go/graph/generated/generated.go:751.3,751.57 1 0
github.com/cryanbrow/eve-graphql-go/graph/generated/generated.go:753.26,754.42 1 0
github.com/cryanbrow/eve-graphql-go/graph/generated/generated.go:758.3,758.61 1 0
github.com/cryanbrow/eve-graphql-go/graph/generated/generated.go:760.23,761.40 1 0
github.com/cryanbrow/eve-graphql-go/graph/generated/generated.go:765.3,765.59 1 0
github.com/cryanbrow/eve-graphql-go/graph/generated/generated.go:767.36,768.52 1 0
github.com/cryanbrow/eve-graphql-go/graph/generated/generated.go:772.3,772.71 1 0
github.com/cryanbrow/eve-graphql-go/graph/generated/generated.go:774.28,775.44 1 0
github.com/cryanbrow/eve-graphql-go/graph/generated/generated.go:779.3,779.63 1 0
github.com/cryanbrow/eve-graphql-go/graph/generated/generated.go:781.32,782.48 1 0
github.com/cryanbrow/eve-graphql-go/graph/generated/generated.go:786.3,786.67 1 0
github.com/cryanbrow/eve-graphql-go/graph/generated/generated.go:788.30,789.46 1 0
github.com/cryanbrow/eve-graphql-go/graph/generated/generated.go:793.3,793.65 1 0
github.com/cryanbrow/eve-graphql-go/graph/generated/generated.go:795.33,796.48 1 0
github.com/cryanbrow/eve-graphql-go/graph/generated/generated.go:800.3,800.67 1 0
github.com/cryanbrow/eve-graphql-go/graph/generated/generated.go:802.32,803.48 1 0
github.com/cryanbrow/eve-graphql-go/graph/generated/generated.go:807.3,807.67 1 0
github.com/cryanbrow/eve-graphql-go/graph/generated/generated.go:809.28,810.45 1 0
github.com/cryanbrow/eve-graphql-go/graph/generated/generated.go:814.3,814.64 1 0
github.com/cryanbrow/eve-graphql-go/graph/generated/generated.go:816.31,817.48 1 0
github.com/cryanbrow/eve-graphql-go/graph/generated/generated.go:821.3,821.67 1 0
github.com/cryanbrow/eve-graphql-go/graph/generated/generated.go:823.34,824.50 1 0
github.com/cryanbrow/eve-graphql-go/graph/generated/generated.go:828.3,828.69 1 0
github.com/cryanbrow/eve-graphql-go/graph/generated/generated.go:830.31,831.48 1 0
github.com/cryanbrow/eve-graphql-go/graph/generated/generated.go:835.3,835.67 1 0
github.com/cryanbrow/eve-graphql-go/graph/generated/generated.go:837.32,838.49 1 0
github.com/cryanbrow/eve-graphql-go/graph/generated/generated.go:842.3,842.68 1 0
github.com/cryanbrow/eve-graphql-go/graph/generated/generated.go:844.26,845.43 1 0
github.com/cryanbrow/eve-graphql-go/graph/generated/generated.go:849.3,849.62 1 0
github.com/cryanbrow/eve-graphql-go/graph/generated/generated.go:851.24,852.41 1 0
github.com/cryanbrow/eve-graphql-go/graph/generated/generated.go:856.3,856.60 1 0
github.com/cryanbrow/eve-graphql-go/graph/generated/generated.go:858.30,859.47 1 0
github.com/cryanbrow/eve-graphql-go/graph/generated/generated.go:863.3,863.66 1 0
github.com/cryanbrow/eve-graphql-go/graph/generated/generated.go:865.24,866.41 1 0
github.com/cryanbrow/eve-graphql-go/graph/generated/generated.go:870.3,870.60 1 0
github.com/cryanbrow/eve-graphql-go/graph/generated/generated.go:872.27,873.43 1 0
github.com/cryanbrow/eve-graphql-go/graph/generated/generated.go:877.3,877.62 1 0
github.com/cryanbrow/eve-graphql-go/graph/generated/generated.go:879.29,880.45 1 0
github.com/cryanbrow/eve-graphql-go/graph/generated/generated.go:884.3,884.64 1 0
github.com/cryanbrow/eve-graphql-go/graph/generated/generated.go:886.32,887.47 1 0
github.com/cryanbrow/eve-graphql-go/graph/generated/generated.go:891.3,891.66 1 0
github.com/cryanbrow/eve-graphql-go/graph/generated/generated.go:893.29,894.46 1 0
github.com/cryanbrow/eve-graphql-go/graph/generated/generated.go:898.3,898.65 1 0
github.com/cryanbrow/eve-graphql-go/graph/generated/generated.go:900.34,901.50 1 0
github.com/cryanbrow/eve-graphql-go/graph/generated/generated.go:905.3,905.69 1 0
github.com/cryanbrow/eve-graphql-go/graph/generated/generated.go:907.30,908.46 1 0
github.com/cryanbrow/eve-graphql-go/graph/generated/generated.go:912.3,912.65 1 0
github.com/cryanbrow/eve-graphql-go/graph/generated/generated.go:914.23,915.40 1 0
github.com/cryanbrow/eve-graphql-go/graph/generated/generated.go:919.3,919.59 1 0
github.com/cryanbrow/eve-graphql-go/graph/generated/generated.go:921.28,922.45 1 0
github.com/cryanbrow/eve-graphql-go/graph/generated/generated.go:926.3,926.64 1 0
github.com/cryanbrow/eve-graphql-go/graph/generated/generated.go:928.28,929.45 1 0
github.com/cryanbrow/eve-graphql-go/graph/generated/generated.go:933.3,933.64 1 0
github.com/cryanbrow/eve-graphql-go/graph/generated/generated.go:935.31,936.47 1 0
github.com/cryanbrow/eve-graphql-go/graph/generated/generated.go:940.3,940.66 1 0
github.com/cryanbrow/eve-graphql-go/graph/generated/generated.go:942.28,943.45 1 0
github.com/cryanbrow/eve-graphql-go/graph/generated/generated.go:947.3,947.64 1 0
github.com/cryanbrow/eve-graphql-go/graph/generated/generated.go:949.31,950.47 1 0
github.com/cryanbrow/eve-graphql-go/graph/generated/generated.go:954.3,954.66 1 0
github.com/cryanbrow/eve-graphql-go/graph/generated/generated.go:956.28,957.45 1 0
github.com/cryanbrow/eve-graphql-go/graph/generated/generated.go:961.3,961.64 1 0
github.com/cryanbrow/eve-graphql-go/graph/generated/generated.go:963.29,964.46 1 0
github.com/cryanbrow/eve-graphql-go/graph/generated/generated.go:968.3,968.65 1 0
github.com/cryanbrow/eve-graphql-go/graph/generated/generated.go:970.32,971.48 1 0
github.com/cryanbrow/eve-graphql-go/graph/generated/generated.go:975.3,975.67 1 0
github.com/cryanbrow/eve-graphql-go/graph/generated/generated.go:977.31,978.48 1 0
github.com/cryanbrow/eve-graphql-go/graph/generated/generated.go:982.3,982.67 1 0
github.com/cryanbrow/eve-graphql-go/graph/generated/generated.go:984.34,985.50 1 0
github.com/cryanbrow/eve-graphql-go/graph/generated/generated.go:989.3,989.69 1 0
github.com/cryanbrow/eve-graphql-go/graph/generated/generated.go:991.31,992.48 1 0
github.com/cryanbrow/eve-graphql-go/graph/generated/generated.go:996.3,996.67 1 0
github.com/cryanbrow/eve-graphql-go/graph/generated/generated.go:998.27,999.44 1 0
github.com/cryanbrow/eve-graphql-go/graph/generated/generated.go:1003.3,1003.63 1 0
github.com/cryanbrow/eve-graphql-go/graph/generated/generated.go:1005.30,1006.46 1 0
github.com/cryanbrow/eve-graphql-go/graph/generated/generated.go:1010.3,1010.65 1 0
github.com/cryanbrow/eve-graphql-go/graph/generated/generated.go:1012.26,1013.43 1 0
github.com/cryanbrow/eve-graphql-go/graph/generated/generated.go:1017.3,1017.62 1 0
github.com/cryanbrow/eve-graphql-go/graph/generated/generated.go:1019.24,1020.41 1 0
github.com/cryanbrow/eve-graphql-go/graph/generated/generated.go:1024.3,1024.60 1 0
github.com/cryanbrow/eve-graphql-go/graph/generated/generated.go:1026.24,1027.41 1 0
github.com/cryanbrow/eve-graphql-go/graph/generated/generated.go:1031.3,1031.60 1 0
github.com/cryanbrow/eve-graphql-go/graph/generated/generated.go:1033.27,1034.43 1 0
github.com/cryanbrow/eve-graphql-go/graph/generated/generated.go:1038.3,1038.62 1 0
github.com/cryanbrow/eve-graphql-go/graph/generated/generated.go:1040.35,1041.51 1 0
github.com/cryanbrow/eve-graphql-go/graph/generated/generated.go:1045.3,1045.70 1 0
github.com/cryanbrow/eve-graphql-go/graph/generated/generated.go:1047.25,1048.42 1 0
github.com/cryanbrow/eve-graphql-go/graph/generated/generated.go:1052.3,1052.61 1 0
github.com/cryanbrow/eve-graphql-go/graph/generated/generated.go:1054.40,1055.56 1 0
github.com/cryanbrow/eve-graphql-go/graph/generated/generated.go:1059.3,1059.75 1 0
github.com/cryanbrow/eve-graphql-go/graph/generated/generated.go:1061.28,1062.45 1 0
github.com/cryanbrow/eve-graphql-go/graph/generated/generated.go:1066.3,1066.64 1 0
github.com/cryanbrow/eve-graphql-go/graph/generated/generated.go:1068.32,1069.49 1 0
github.com/cryanbrow/eve-graphql-go/graph/generated/generated.go:1073.3,1073.68 1 0
github.com/cryanbrow/eve-graphql-go/graph/generated/generated.go:1075.30,1076.47 1 0
github.com/cryanbrow/eve-graphql-go/graph/generated/generated.go:1080.3,1080.66 1 0
github.com/cryanbrow/eve-graphql-go/graph/generated/generated.go:1082.33,1083.49 1 0
github.com/cryanbrow/eve-graphql-go/graph/generated/generated.go:1087.3,1087.68 1 0
github.com/cryanbrow/eve-graphql-go/graph/generated/generated.go:1089.37,1090.53 1 0
github.com/cryanbrow/eve-graphql-go/graph/generated/generated.go:1094.3,1094.72 1 0
github.com/cryanbrow/eve-graphql-go/graph/generated/generated.go:1096.31,1097.48 1 0
github.com/cryanbrow/eve-graphql-go/graph/generated/generated.go:1101.3,1101.67 1 0
github.com/cryanbrow/eve-graphql-go/graph/generated/generated.go:1103.30,1104.47 1 0
github.com/cryanbrow/eve-graphql-go/graph/generated/generated.go:1108.3,1108.66 1 0
github.com/cryanbrow/eve-graphql-go/graph/generated/generated.go:1110.33,1111.49 1 0
github.com/cryanbrow/eve-graphql-go/graph/generated/generated.go:1115.3,1115.68 1 0
github.com/cryanbrow/eve-graphql-go/graph/generated/generated.go:1117.25,1118.42 1 0
github.com/cryanbrow/eve-graphql-go/graph/generated/generated.go:1122.3,1122.61 1 0
github.com/cryanbrow/eve-graphql-go/graph/generated/generated.go:1124.28,1125.44 1 0
github.com/cryanbrow/eve-graphql-go/graph/generated/generated.go:1129.3,1129.63 1 0
github.com/cryanbrow/eve-graphql-go/graph/generated/generated.go:1131.29,1132.46 1 0
github.com/cryanbrow/eve-graphql-go/graph/generated/generated.go:1136.3,1136.65 1 0
github.com/cryanbrow/eve-graphql-go/graph/generated/generated.go:1138.32,1139.48 1 0
github.com/cryanbrow/eve-graphql-go/graph/generated/generated.go:1143.3,1143.67 1 0
github.com/cryanbrow/eve-graphql-go/graph/generated/generated.go:1145.34,1146.50 1 0
github.com/cryanbrow/eve-graphql-go/graph/generated/generated.go:1150.3,1150.69 1 0
github.com/cryanbrow/eve-graphql-go/graph/generated/generated.go:1152.33,1153.50 1 0
github.com/cryanbrow/eve-graphql-go/graph/generated/generated.go:1157.3,1157.69 1 0
github.com/cryanbrow/eve-graphql-go/graph/generated/generated.go:1159.29,1160.46 1 0
github.com/cryanbrow/eve-graphql-go/graph/generated/generated.go:1164.3,1164.65 1 0
github.com/cryanbrow/eve-graphql-go/graph/generated/generated.go:1166.32,1167.48 1 0
github.com/cryanbrow/eve-graphql-go/graph/generated/generated.go:1171.3,1171.67 1 0
github.com/cryanbrow/eve-graphql-go/graph/generated/generated.go:1173.34,1174.50 1 0
github.com/cryanbrow/eve-graphql-go/graph/generated/generated.go:1178.3,1178.69 1 0
github.com/cryanbrow/eve-graphql-go/graph/generated/generated.go:1180.37,1181.52 1 0
github.com/cryanbrow/eve-graphql-go/graph/generated/generated.go:1185.3,1185.71 1 0
github.com/cryanbrow/eve-graphql-go/graph/generated/generated.go:1187.34,1188.50 1 0
github.com/cryanbrow/eve-graphql-go/graph/generated/generated.go:1192.3,1192.69 1 0
github.com/cryanbrow/eve-graphql-go/graph/generated/generated.go:1194.26,1195.43 1 0
github.com/cryanbrow/eve-graphql-go/graph/generated/generated.go:1199.3,1199.62 1 0
github.com/cryanbrow/eve-graphql-go/graph/generated/generated.go:1201.28,1202.45 1 0
github.com/cryanbrow/eve-graphql-go/graph/generated/generated.go:1206.3,1206.64 1 0
github.com/cryanbrow/eve-graphql-go/graph/generated/generated.go:1208.30,1209.46 1 0
github.com/cryanbrow/eve-graphql-go/graph/generated/generated.go:1213.3,1213.65 1 0
github.com/cryanbrow/eve-graphql-go/graph/generated/generated.go:1215.28,1216.45 1 0
github.com/cryanbrow/eve-graphql-go/graph/generated/generated.go:1220.3,1220.64 1 0
github.com/cryanbrow/eve-graphql-go/graph/generated/generated.go:1222.25,1223.42 1 0
github.com/cryanbrow/eve-graphql-go/graph/generated/generated.go:1227.3,1227.61 1 0
github.com/cryanbrow/eve-graphql-go/graph/generated/generated.go:1229.34,1230.50 1 0
github.com/cryanbrow/eve-graphql-go/graph/generated/generated.go:1234.3,1234.69 1 0
github.com/cryanbrow/eve-graphql-go/graph/generated/generated.go:1236.35,1237.51 1 0
github.com/cryanbrow/eve-graphql-go/graph/generated/generated.go:1241.3,1241.70 1 0
github.com/cryanbrow/eve-graphql-go/graph/generated/generated.go:1243.38,1244.53 1 0
github.com/cryanbrow/eve-graphql-go/graph/generated/generated.go:1248.3,1248.72 1 0
github.com/cryanbrow/eve-graphql-go/graph/generated/generated.go:1250.31,1251.47 1 0
github.com/cryanbrow/eve-graphql-go/graph/generated/generated.go:1255.3,1255.66 1 0
github.com/cryanbrow/eve-graphql-go/graph/generated/generated.go:1257.45,1258.59 1 0
github.com/cryanbrow/eve-graphql-go/graph/generated/generated.go:1262.3,1262.78 1 0
github.com/cryanbrow/eve-graphql-go/graph/generated/generated.go:1264.46,1265.60 1 0
github.com/cryanbrow/eve-graphql-go/graph/generated/generated.go:1269.3,1269.79 1 0
github.com/cryanbrow/eve-graphql-go/graph/generated/generated.go:1271.44,1272.59 1 0
github.com/cryanbrow/eve-graphql-go/graph/generated/generated.go:1276.3,1276.78 1 0
github.com/cryanbrow/eve-graphql-go/graph/generated/generated.go:1278.45,1279.59 1 0
github.com/cryanbrow/eve-graphql-go/graph/generated/generated.go:1283.3,1283.78 1 0
github.com/cryanbrow/eve-graphql-go/graph/generated/generated.go:1285.45,1286.58 1 0
github.com/cryanbrow/eve-graphql-go/graph/generated/generated.go:1290.3,1290.77 1 0
github.com/cryanbrow/eve-graphql-go/graph/generated/generated.go:1292.37,1293.52 1 0
github.com/cryanbrow/eve-graphql-go/graph/generated/generated.go:1297.3,1297.71 1 0
github.com/cryanbrow/eve-graphql-go/graph/generated/generated.go:1299.37,1300.52 1 0
github.com/cryanbrow/eve-graphql-go/graph/generated/generated.go:1304.3,1304.71 1 0
github.com/cryanbrow/eve-graphql-go/graph/generated/generated.go:1306.42,1307.57 1 0
github.com/cryanbrow/eve-graphql-go/graph/generated/generated.go:1311.3,1311.76 1 0
github.com/cryanbrow/eve-graphql-go/graph/generated/generated.go:1313.42,1314.57 1 0
github.com/cryanbrow/eve-graphql-go/graph/generated/generated.go:1318.3,1318.76 1 0
github.com/cryanbrow/eve-graphql-go/graph/generated/generated.go:1320.37,1321.52 1 0
github.com/cryanbrow/eve-graphql-go/graph/generated/generated.go:1325.3,1325.71 1 0
github.com/cryanbrow/eve-graphql-go/graph/generated/generated.go:1327.29,1328.45 1 0
github.com/cryanbrow/eve-graphql-go/graph/generated/generated.go:1332.3,1332.64 1 0
github.com/cryanbrow/eve-graphql-go/graph/generated/generated.go:1334.32,1335.47 1 0
github.com/cryanbrow/eve-graphql-go/graph/generated/generated.go:1339.3,1339.66 1 0
github.com/cryanbrow/eve-graphql-go/graph/generated/generated.go:1341.33,1342.48 1 0
github.com/cryanbrow/eve-graphql-go/graph/generated/generated.go:1346.3,1346.67 1 0
github.com/cryanbrow/eve-graphql-go/graph/generated/generated.go:1348.41,1349.56 1 0
github.com/cryanbrow/eve-graphql-go/graph/generated/generated.go:1353.3,1353.75 1 0
github.com/cryanbrow/eve-graphql-go/graph/generated/generated.go:1355.50,1356.63 1 0
github.com/cryanbrow/eve-graphql-go/graph/generated/generated.go:1360.3,1360.82 1 0
github.com/cryanbrow/eve-graphql-go/graph/generated/generated.go:1362.49,1363.63 1 0
github.com/cryanbrow/eve-graphql-go/graph/generated/generated.go:1367.3,1367.82 1 0
github.com/cryanbrow/eve-graphql-go/graph/generated/generated.go:1369.52,1370.65 1 0
github.com/cryanbrow/eve-graphql-go/graph/generated/generated.go:1374.3,1374.84 1 0
github.com/cryanbrow/eve-graphql-go/graph/generated/generated.go:1376.42,1377.56 1 0
github.com/cryanbrow/eve-graphql-go/graph/generated/generated.go:1381.3,1381.75 1 0
github.com/cryanbrow/eve-graphql-go/graph/generated/generated.go:1383.48,1384.62 1 0
github.com/cryanbrow/eve-graphql-go/graph/generated/generated.go:1388.3,1388.81 1 0
github.com/cryanbrow/eve-graphql-go/graph/generated/generated.go:1390.51,1391.64 1 0
github.com/cryanbrow/eve-graphql-go/graph/generated/generated.go:1395.3,1395.83 1 0
github.com/cryanbrow/eve-graphql-go/graph/generated/generated.go:1397.45,1398.59 1 0
github.com/cryanbrow/eve-graphql-go/graph/generated/generated.go:1402.3,1402.78 1 0
github.com/cryanbrow/eve-graphql-go/graph/generated/generated.go:1404.39,1405.53 1 0
github.com/cryanbrow/eve-graphql-go/graph/generated/generated.go:1409.3,1409.72 1 0
github.com/cryanbrow/eve-graphql-go/graph/generated/generated.go:1411.47,1412.61 1 0
github.com/cryanbrow/eve-graphql-go/graph/generated/generated.go:1416.3,1416.80 1 0
github.com/cryanbrow/eve-graphql-go/graph/generated/generated.go:1418.47,1419.61 1 0
github.com/cryanbrow/eve-graphql-go/graph/generated/generated.go:1423.3,1423.80 1 0
github.com/cryanbrow/eve-graphql-go/graph/generated/generated.go:1425.50,1426.63 1 0
github.com/cryanbrow/eve-graphql-go/graph/generated/generated.go:1430.3,1430.82 1 0
github.com/cryanbrow/eve-graphql-go/graph/generated/generated.go:1432.34,1433.49 1 0
github.com/cryanbrow/eve-graphql-go/graph/generated/generated.go:1437.3,1437.68 1 0
github.com/cryanbrow/eve-graphql-go/graph/generated/generated.go:1439.43,1440.57 1 0
github.com/cryanbrow/eve-graphql-go/graph/generated/generated.go:1444.3,1444.76 1 0
github.com/cryanbrow/eve-graphql-go/graph/generated/generated.go:1446.42,1447.56 1 0
github.com/cryanbrow/eve-graphql-go/graph/generated/generated.go:1451.3,1451.75 1 0
github.com/cryanbrow/eve-graphql-go/graph/generated/generated.go:1453.42,1454.55 1 0
github.com/cryanbrow/eve-graphql-go/graph/generated/generated.go:1458.3,1458.74 1 0
github.com/cryanbrow/eve-graphql-go/graph/generated/generated.go:1460.39,1461.54 1 0
github.com/cryanbrow/eve-graphql-go/graph/generated/generated.go:1465.3,1465.73 1 0
github.com/cryanbrow/eve-graphql-go/graph/generated/generated.go:1467.34,1468.49 1 0
github.com/cryanbrow/eve-graphql-go/graph/generated/generated.go:1472.3,1472.68 1 0
github.com/cryanbrow/eve-graphql-go/graph/generated/generated.go:1474.45,1475.59 1 0
github.com/cryanbrow/eve-graphql-go/graph/generated/generated.go:1479.3,1479.78 1 0
github.com/cryanbrow/eve-graphql-go/graph/generated/generated.go:1481.44,1482.58 1 0
github.com/cryanbrow/eve-graphql-go/graph/generated/generated.go:1486.3,1486.77 1 0
github.com/cryanbrow/eve-graphql-go/graph/generated/generated.go:1488.39,1489.54 1 0
github.com/cryanbrow/eve-graphql-go/graph/generated/generated.go:1493.3,1493.73 1 0
github.com/cryanbrow/eve-graphql-go/graph/generated/generated.go:1495.45,1496.59 1 0
github.com/cryanbrow/eve-graphql-go/graph/generated/generated.go:1500.3,1500.78 1 0
github.com/cryanbrow/eve-graphql-go/graph/generated/generated.go:1502.48,1503.61 1 0
github.com/cryanbrow/eve-graphql-go/graph/generated/generated.go:1507.3,1507.80 1 0
github.com/cryanbrow/eve-graphql-go/graph/generated/generated.go:1509.42,1510.56 1 0
github.com/cryanbrow/eve-graphql-go/graph/generated/generated.go:1514.3,1514.75 1 0
github.com/cryanbrow/eve-graphql-go/graph/generated/generated.go:1516.54,1517.67 1 0
github.com/cryanbrow/eve-graphql-go/graph/generated/generated.go:1521.3,1521.86 1 0
github.com/cryanbrow/eve-graphql-go/graph/generated/generated.go:1523.57,1524.69 1 0
github.com/cryanbrow/eve-graphql-go/graph/generated/generated.go:1528.3,1528.88 1 0
github.com/cryanbrow/eve-graphql-go/graph/generated/generated.go:1530.29,1531.46 1 0
github.com/cryanbrow/eve-graphql-go/graph/generated/generated.go:1535.3,1535.65 1 0
github.com/cryanbrow/eve-graphql-go/graph/generated/generated.go:1537.32,1538.48 1 0
github.com/cryanbrow/eve-graphql-go/graph/generated/generated.go:1542.3,1542.67 1 0
github.com/cryanbrow/eve-graphql-go/graph/generated/generated.go:1544.29,1545.46 1 0
github.com/cryanbrow/eve-graphql-go/graph/generated/generated.go:1549.3,1549.65 1 0
github.com/cryanbrow/eve-graphql-go/graph/generated/generated.go:1551.28,1552.44 1 0
github.com/cryanbrow/eve-graphql-go/graph/generated/generated.go:1556.3,1556.63 1 0
github.com/cryanbrow/eve-graphql-go/graph/generated/generated.go:1558.27,1559.43 1 0
github.com/cryanbrow/eve-graphql-go/graph/generated/generated.go:1563.3,1563.62 1 0
github.com/cryanbrow/eve-graphql-go/graph/generated/generated.go:1565.37,1566.53 1 0
github.com/cryanbrow/eve-graphql-go/graph/generated/generated.go:1570.3,1570.72 1 0
github.com/cryanbrow/eve-graphql-go/graph/generated/generated.go:1572.40,1573.55 1 0
github.com/cryanbrow/eve-graphql-go/graph/generated/generated.go:1577.3,1577.74 1 0
github.com/cryanbrow/eve-graphql-go/graph/generated/generated.go:1579.22,1580.39 1 0
github.com/cryanbrow/eve-graphql-go/graph/generated/generated.go:1584.3,1584.58 1 0
github.com/cryanbrow/eve-graphql-go/graph/generated/generated.go:1586.29,1587.45 1 0
github.com/cryanbrow/eve-graphql-go/graph/generated/generated.go:1591.3,1591.64 1 0
github.com/cryanbrow/eve-graphql-go/graph/generated/generated.go:1593.30,1594.46 1 0
github.com/cryanbrow/eve-graphql-go/graph/generated/generated.go:1598.3,1598.65 1 0
github.com/cryanbrow/eve-graphql-go/graph/generated/generated.go:1600.33,1601.48 1 0
github.com/cryanbrow/eve-graphql-go/graph/generated/generated.go:1605.3,1605.67 1 0
github.com/cryanbrow/eve-graphql-go/graph/generated/generated.go:1607.31,1608.47 1 0
github.com/cryanbrow/eve-graphql-go/graph/generated/generated.go:1612.3,1612.66 1 0
github.com/cryanbrow/eve-graphql-go/graph/generated/generated.go:1614.38,1615.53 1 0
github.com/cryanbrow/eve-graphql-go/graph/generated/generated.go:1619.3,1619.72 1 0
github.com/cryanbrow/eve-graphql-go/graph/generated/generated.go:1621.32,1622.48 1 0
github.com/cryanbrow/eve-graphql-go/graph/generated/generated.go:1626.3,1626.67 1 0
github.com/cryanbrow/eve-graphql-go/graph/generated/generated.go:1628.30,1629.46 1 0
github.com/cryanbrow/eve-graphql-go/graph/generated/generated.go:1633.3,1633.65 1 0
github.com/cryanbrow/eve-graphql-go/graph/generated/generated.go:1635.28,1636.44 1 0
github.com/cryanbrow/eve-graphql-go/graph/generated/generated.go:1640.3,1640.63 1 0
github.com/cryanbrow/eve-graphql-go/graph/generated/generated.go:1642.29,1643.45 1 0
github.com/cryanbrow/eve-graphql-go/graph/generated/generated.go:1647.3,1647.64 1 0
github.com/cryanbrow/eve-graphql-go/graph/generated/generated.go:1649.25,1650.41 1 0
github.com/cryanbrow/eve-graphql-go/graph/generated/generated.go:1654.3,1654.60 1 0
github.com/cryanbrow/eve-graphql-go/graph/generated/generated.go:1656.34,1657.49 1 0
github.com/cryanbrow/eve-graphql-go/graph/generated/generated.go:1661.3,1661.68 1 0
github.com/cryanbrow/eve-graphql-go/graph/generated/generated.go:1663.31,1664.46 1 0
github.com/cryanbrow/eve-graphql-go/graph/generated/generated.go:1668.3,1668.65 1 0
github.com/cryanbrow/eve-graphql-go/graph/generated/generated.go:1670.31,1671.46 1 0
github.com/cryanbrow/eve-graphql-go/graph/generated/generated.go:1675.3,1675.65 1 0
github.com/cryanbrow/eve-graphql-go/graph/generated/generated.go:1677.24,1678.41 1 0
github.com/cryanbrow/eve-graphql-go/graph/generated/generated.go:1682.3,1682.60 1 0
github.com/cryanbrow/eve-graphql-go/graph/generated/generated.go:1684.27,1685.43 1 0
github.com/cryanbrow/eve-graphql-go/graph/generated/generated.go:1689.3,1689.62 1 0
github.com/cryanbrow/eve-graphql-go/graph/generated/generated.go:1691.24,1692.40 1 0
github.com/cryanbrow/eve-graphql-go/graph/generated/generated.go:1696.3,1696.59 1 0
github.com/cryanbrow/eve-graphql-go/graph/generated/generated.go:1698.26,1699.42 1 0
github.com/cryanbrow/eve-graphql-go/graph/generated/generated.go:1703.3,1703.61 1 0
github.com/cryanbrow/eve-graphql-go/graph/generated/generated.go:1705.20,1706.37 1 0
github.com/cryanbrow/eve-graphql-go/graph/generated/generated.go:1710.3,1710.56 1 0
github.com/cryanbrow/eve-graphql-go/graph/generated/generated.go:1712.25,1713.42 1 0
github.com/cryanbrow/eve-graphql-go/graph/generated/generated.go:1717.3,1717.61 1 0
github.com/cryanbrow/eve-graphql-go/graph/generated/generated.go:1719.21,1720.38 1 0
github.com/cryanbrow/eve-graphql-go/graph/generated/generated.go:1724.3,1724.57 1 0
github.com/cryanbrow/eve-graphql-go/graph/generated/generated.go:1726.17,1727.34 1 0
github.com/cryanbrow/eve-graphql-go/graph/generated/generated.go:1731.3,1731.53 1 0
github.com/cryanbrow/eve-graphql-go/graph/generated/generated.go:1733.28,1734.44 1 0
github.com/cryanbrow/eve-graphql-go/graph/generated/generated.go:1738.3,1738.63 1 0
github.com/cryanbrow/eve-graphql-go/graph/generated/generated.go:1740.31,1741.47 1 0
github.com/cryanbrow/eve-graphql-go/graph/generated/generated.go:1745.3,1745.66 1 0
github.com/cryanbrow/eve-graphql-go/graph/generated/generated.go:1747.36,1748.51 1 0
github.com/cryanbrow/eve-graphql-go/graph/generated/generated.go:1752.3,1752.70 1 0
github.com/cryanbrow/eve-graphql-go/graph/generated/generated.go:1754.33,1755.48 1 0
github.com/cryanbrow/eve-graphql-go/graph/generated/generated.go:1759.3,1759.67 1 0
github.com/cryanbrow/eve-graphql-go/graph/generated/generated.go:1761.27,1762.43 1 0
github.com/cryanbrow/eve-graphql-go/graph/generated/generated.go:1766.3,1766.62 1 0
github.com/cryanbrow/eve-graphql-go/graph/generated/generated.go:1768.30,1769.45 1 0
github.com/cryanbrow/eve-graphql-go/graph/generated/generated.go:1773.3,1773.64 1 0
github.com/cryanbrow/eve-graphql-go/graph/generated/generated.go:1775.25,1776.41 1 0
github.com/cryanbrow/eve-graphql-go/graph/generated/generated.go:1780.3,1780.60 1 0
github.com/cryanbrow/eve-graphql-go/graph/generated/generated.go:1782.28,1783.43 1 0
github.com/cryanbrow/eve-graphql-go/graph/generated/generated.go:1787.3,1787.62 1 0
github.com/cryanbrow/eve-graphql-go/graph/generated/generated.go:1789.27,1790.42 1 0
github.com/cryanbrow/eve-graphql-go/graph/generated/generated.go:1794.3,1794.61 1 0
github.com/cryanbrow/eve-graphql-go/graph/generated/generated.go:1796.32,1797.47 1 0
github.com/cryanbrow/eve-graphql-go/graph/generated/generated.go:1801.3,1801.66 1 0
github.com/cryanbrow/eve-graphql-go/graph/generated/generated.go:1803.35,1804.49 1 0
github.com/cryanbrow/eve-graphql-go/graph/generated/generated.go:1808.3,1808.68 1 0
github.com/cryanbrow/eve-graphql-go/graph/generated/generated.go:1810.24,1811.40 1 0
github.com/cryanbrow/eve-graphql-go/graph/generated/generated.go:1815.3,1815.59 1 0
github.com/cryanbrow/eve-graphql-go/graph/generated/generated.go:1817.24,1818.40 1 0
github.com/cryanbrow/eve-graphql-go/graph/generated/generated.go:1822.3,1822.59 1 0
github.com/cryanbrow/eve-graphql-go/graph/generated/generated.go:1824.35,1825.50 1 0
github.com/cryanbrow/eve-graphql-go/graph/generated/generated.go:1829.3,1829.69 1 0
github.com/cryanbrow/eve-graphql-go/graph/generated/generated.go:1831.32,1832.47 1 0
github.com/cryanbrow/eve-graphql-go/graph/generated/generated.go:1836.3,1836.66 1 0
github.com/cryanbrow/eve-graphql-go/graph/generated/generated.go:1838.29,1839.45 1 0
github.com/cryanbrow/eve-graphql-go/graph/generated/generated.go:1843.3,1843.64 1 0
github.com/cryanbrow/eve-graphql-go/graph/generated/generated.go:1845.26,1846.42 1 0
github.com/cryanbrow/eve-graphql-go/graph/generated/generated.go:1850.3,1850.61 1 0
github.com/cryanbrow/eve-graphql-go/graph/generated/generated.go:1852.27,1853.42 1 0
github.com/cryanbrow/eve-graphql-go/graph/generated/generated.go:1857.3,1857.61 1 0
github.com/cryanbrow/eve-graphql-go/graph/generated/generated.go:1859.26,1860.42 1 0
github.com/cryanbrow/eve-graphql-go/graph/generated/generated.go:1864.3,1864.61 1 0
github.com/cryanbrow/eve-graphql-go/graph/generated/generated.go:1866.34,1867.50 1 0
github.com/cryanbrow/eve-graphql-go/graph/generated/generated.go:1871.3,1871.69 1 0
github.com/cryanbrow/eve-graphql-go/graph/generated/generated.go:1873.25,1874.41 1 0
github.com/cryanbrow/eve-graphql-go/graph/generated/generated.go:1878.3,1878.60 1 0
github.com/cryanbrow/eve-graphql-go/graph/generated/generated.go:1880.27,1881.43 1 0
github.com/cryanbrow/eve-graphql-go/graph/generated/generated.go:1885.3,1885.62 1 0
github.com/cryanbrow/eve-graphql-go/graph/generated/generated.go:1887.35,1888.50 1 0
github.com/cryanbrow/eve-graphql-go/graph/generated/generated.go:1892.3,1892.69 1 0
github.com/cryanbrow/eve-graphql-go/graph/generated/generated.go:1894.38,1895.52 1 0
github.com/cryanbrow/eve-graphql-go/graph/generated/generated.go:1899.3,1899.71 1 0
github.com/cryanbrow/eve-graphql-go/graph/generated/generated.go:1901.28,1902.44 1 0
github.com/cryanbrow/eve-graphql-go/graph/generated/generated.go:1906.3,1906.63 1 0
github.com/cryanbrow/eve-graphql-go/graph/generated/generated.go:1908.36,1909.51 1 0
github.com/cryanbrow/eve-graphql-go/graph/generated/generated.go:1913.3,1913.70 1 0
github.com/cryanbrow/eve-graphql-go/graph/generated/generated.go:1915.25,1916.42 1 0
github.com/cryanbrow/eve-graphql-go/graph/generated/generated.go:1920.3,1920.61 1 0
github.com/cryanbrow/eve-graphql-go/graph/generated/generated.go:1922.28,1923.44 1 0
github.com/cryanbrow/eve-graphql-go/graph/generated/generated.go:1927.3,1927.63 1 0
github.com/cryanbrow/eve-graphql-go/graph/generated/generated.go:1929.23,1930.40 1 0
github.com/cryanbrow/eve-graphql-go/graph/generated/generated.go:1934.3,1934.59 1 0
github.com/cryanbrow/eve-graphql-go/graph/generated/generated.go:1936.37,1937.53 1 0
github.com/cryanbrow/eve-graphql-go/graph/generated/generated.go:1941.3,1941.72 1 0
github.com/cryanbrow/eve-graphql-go/graph/generated/generated.go:1943.40,1944.55 1 0
github.com/cryanbrow/eve-graphql-go/graph/generated/generated.go:1948.3,1948.74 1 0
github.com/cryanbrow/eve-graphql-go/graph/generated/generated.go:1950.38,1951.54 1 0
github.com/cryanbrow/eve-graphql-go/graph/generated/generated.go:1955.3,1955.73 1 0
github.com/cryanbrow/eve-graphql-go/graph/generated/generated.go:1957.41,1958.56 1 0
github.com/cryanbrow/eve-graphql-go/graph/generated/generated.go:1962.3,1962.75 1 0
github.com/cryanbrow/eve-graphql-go/graph/generated/generated.go:1964.27,1965.44 1 0
github.com/cryanbrow/eve-graphql-go/graph/generated/generated.go:1969.3,1969.63 1 0
github.com/cryanbrow/eve-graphql-go/graph/generated/generated.go:1971.22,1972.38 1 0
github.com/cryanbrow/eve-graphql-go/graph/generated/generated.go:1976.3,1976.57 1 0
github.com/cryanbrow/eve-graphql-go/graph/generated/generated.go:1978.19,1979.36 1 0
github.com/cryanbrow/eve-graphql-go/graph/generated/generated.go:1983.3,1983.55 1 0
github.com/cryanbrow/eve-graphql-go/graph/generated/generated.go:1985.23,1986.40 1 0
github.com/cryanbrow/eve-graphql-go/graph/generated/generated.go:1990.3,1990.59 1 0
github.com/cryanbrow/eve-graphql-go/graph/generated/generated.go:1992.21,1993.38 1 0
github.com/cryanbrow/eve-graphql-go/graph/generated/generated.go:1997.3,1997.57 1 0
github.com/cryanbrow/eve-graphql-go/graph/generated/generated.go:1999.24,2000.40 1 0
github.com/cryanbrow/eve-graphql-go/graph/generated/generated.go:2004.3,2004.59 1 0
github.com/cryanbrow/eve-graphql-go/graph/generated/generated.go:2006.24,2007.41 1 0
github.com/cryanbrow/eve-graphql-go/graph/generated/generated.go:2011.3,2011.60 1 0
github.com/cryanbrow/eve-graphql-go/graph/generated/generated.go:2013.28,2014.43 1 0
github.com/cryanbrow/eve-graphql-go/graph/generated/generated.go:2018.3,2018.62 1 0
github.com/cryanbrow/eve-graphql-go/graph/generated/generated.go:2020.22,2021.39 1 0
github.com/cryanbrow/eve-graphql-go/graph/generated/generated.go:2025.3,2025.58 1 0
github.com/cryanbrow/eve-graphql-go/graph/generated/generated.go:2027.25,2028.41 1 0
github.com/cryanbrow/eve-graphql-go/graph/generated/generated.go:2032.3,2032.60 1 0
github.com/cryanbrow/eve-graphql-go/graph/generated/generated.go:2034.24,2035.41 1 0
github.com/cryanbrow/eve-graphql-go/graph/generated/generated.go:2039.3,2039.60 1 0
github.com/cryanbrow/eve-graphql-go/graph/generated/generated.go:2041.27,2042.43 1 0
github.com/cryanbrow/eve-graphql-go/graph/generated/generated.go:2046.3,2046.62 1 0
github.com/cryanbrow/eve-graphql-go/graph/generated/generated.go:2048.26,2049.42 1 0
github.com/cryanbrow/eve-graphql-go/graph/generated/generated.go:2053.3,2053.61 1 0
github.com/cryanbrow/eve-graphql-go/graph/generated/generated.go:2055.24,2056.40 1 0
github.com/cryanbrow/eve-graphql-go/graph/generated/generated.go:2060.3,2060.59 1 0
github.com/cryanbrow/eve-graphql-go/graph/generated/generated.go:2062.21,2063.38 1 0
github.com/cryanbrow/eve-graphql-go/graph/generated/generated.go:2067.3,2067.57 1 0
github.com/cryanbrow/eve-graphql-go/graph/generated/generated.go:2069.21,2070.38 1 0
github.com/cryanbrow/eve-graphql-go/graph/generated/generated.go:2074.3,2074.57 1 0
github.com/cryanbrow/eve-graphql-go/graph/generated/generated.go:2076.22,2077.39 1 0
github.com/cryanbrow/eve-graphql-go/graph/generated/generated.go:2081.3,2081.58 1 0
github.com/cryanbrow/eve-graphql-go/graph/generated/generated.go:2083.25,2084.41 1 0
github.com/cryanbrow/eve-graphql-go/graph/generated/generated.go:2088.3,2088.60 1 0
github.com/cryanbrow/eve-graphql-go/graph/generated/generated.go:2090.23,2091.39 1 0
github.com/cryanbrow/eve-graphql-go/graph/generated/generated.go:2095.3,2095.58 1 0
github.com/cryanbrow/eve-graphql-go/graph/generated/generated.go:2097.29,2098.45 1 0
github.com/cryanbrow/eve-graphql-go/graph/generated/generated.go:2102.3,2102.64 1 0
github.com/cryanbrow/eve-graphql-go/graph/generated/generated.go:2104.28,2105.44 1 0
github.com/cryanbrow/eve-graphql-go/graph/generated/generated.go:2109.3,2109.63 1 0
github.com/cryanbrow/eve-graphql-go/graph/generated/generated.go:2111.30,2112.47 1 0
github.com/cryanbrow/eve-graphql-go/graph/generated/generated.go:2116.3,2116.66 1 0
github.com/cryanbrow/eve-graphql-go/graph/generated/generated.go:2118.27,2119.44 1 0
github.com/cryanbrow/eve-graphql-go/graph/generated/generated.go:2123.3,2123.63 1 0
github.com/cryanbrow/eve-graphql-go/graph/generated/generated.go:2125.30,2126.47 1 0
github.com/cryanbrow/eve-graphql-go/graph/generated/generated.go:2130.3,2130.66 1 0
github.com/cryanbrow/eve-graphql-go/graph/generated/generated.go:2132.29,2133.46 1 0
github.com/cryanbrow/eve-graphql-go/graph/generated/generated.go:2137.3,2137.65 1 0
github.com/cryanbrow/eve-graphql-go/graph/generated/generated.go:2139.34,2140.50 1 0
github.com/cryanbrow/eve-graphql-go/graph/generated/generated.go:2144.3,2144.69 1 0
github.com/cryanbrow/eve-graphql-go/graph/generated/generated.go:2146.29,2147.46 1 0
github.com/cryanbrow/eve-graphql-go/graph/generated/generated.go:2151.3,2151.65 1 0
github.com/cryanbrow/eve-graphql-go/graph/generated/generated.go:2153.27,2154.44 1 0
github.com/cryanbrow/eve-graphql-go/graph/generated/generated.go:2158.3,2158.63 1 0
github.com/cryanbrow/eve-graphql-go/graph/generated/generated.go:2160.29,2161.46 1 0
github.com/cryanbrow/eve-graphql-go/graph/generated/generated.go:2165.3,2165.65 1 0
github.com/cryanbrow/eve-graphql-go/graph/generated/generated.go:2167.26,2168.42 1 0
github.com/cryanbrow/eve-graphql-go/graph/generated/generated.go:2172.3,2172.61 1 0
github.com/cryanbrow/eve-graphql-go/graph/generated/generated.go:2174.21,2175.38 1 0
github.com/cryanbrow/eve-graphql-go/graph/generated/generated.go:2179.3,2179.57 1 0
github.com/cryanbrow/eve-graphql-go/graph/generated/generated.go:2181.26,2182.42 1 0
github.com/cryanbrow/eve-graphql-go/graph/generated/generated.go:2186.3,2186.61 1 0
github.com/cryanbrow/eve-graphql-go/graph/generated/generated.go:2188.25,2189.42 1 0
github.com/cryanbrow/eve-graphql-go/graph/generated/generated.go:2193.3,2193.61 1 0
github.com/cryanbrow/eve-graphql-go/graph/generated/generated.go:2195.23,2196.40 1 0
github.com/cryanbrow/eve-graphql-go/graph/generated/generated.go:2200.3,2200.59 1 0
github.com/cryanbrow/eve-graphql-go/graph/generated/generated.go:2202.26,2203.42 1 0
github.com/cryanbrow/eve-graphql-go/graph/generated/generated.go:2207.3,2207.61 1 0
github.com/cryanbrow/eve-graphql-go/graph/generated/generated.go:2209.24,2210.40 1 0
github.com/cryanbrow/eve-graphql-go/graph/generated/generated.go:2214.3,2214.59 1 0
github.com/cryanbrow/eve-graphql-go/graph/generated/generated.go:2216.20,2217.37 1 0
github.com/cryanbrow/eve-graphql-go/graph/generated/generated.go:2221.3,2221.56 1 0
github.com/cryanbrow/eve-graphql-go/graph/generated/generated.go:2223.20,2224.37 1 0
github.com/cryanbrow/eve-graphql-go/graph/generated/generated.go:2228.3,2228.56 1 0
github.com/cryanbrow/eve-graphql-go/graph/generated/generated.go:2230.20,2231.37 1 0
github.com/cryanbrow/eve-graphql-go/graph/generated/generated.go:2235.3,2235.56 1 0
github.com/cryanbrow/eve-graphql-go/graph/generated/generated.go:2237.31,2238.48 1 0
github.com/cryanbrow/eve-graphql-go/graph/generated/generated.go:2242.3,2243.17 2 0
github.com/cryanbrow/eve-graphql-go/graph/generated/generated.go:2247.3,2247.86 1 0
github.com/cryanbrow/eve-graphql-go/graph/generated/generated.go:2249.27,2250.44 1 0
github.com/cryanbrow/eve-graphql-go/graph/generated/generated.go:2254.3,2255.17 2 0
github.com/cryanbrow/eve-graphql-go/graph/generated/generated.go:2259.3,2259.82 1 0
github.com/cryanbrow/eve-graphql-go/graph/generated/generated.go:2261.28,2262.45 1 0
github.com/cryanbrow/eve-graphql-go/graph/generated/generated.go:2266.3,2267.17 2 0
github.com/cryanbrow/eve-graphql-go/graph/generated/generated.go:2271.3,2271.114 1 0
github.com/cryanbrow/eve-graphql-go/graph/generated/generated.go:2273.31,2274.48 1 0
github.com/cryanbrow/eve-graphql-go/graph/generated/generated.go:2278.3,2279.17 2 0
github.com/cryanbrow/eve-graphql-go/graph/generated/generated.go:2283.3,2283.174 1 0
github.com/cryanbrow/eve-graphql-go/graph/generated/generated.go:2285.37,2286.54 1 0
github.com/cryanbrow/eve-graphql-go/graph/generated/generated.go:2290.3,2291.17 2 0
github.com/cryanbrow/eve-graphql-go/graph/generated/generated.go:2295.3,2295.185 1 0
github.com/cryanbrow/eve-graphql-go/graph/generated/generated.go:2297.26,2298.43 1 0
github.com/cryanbrow/eve-graphql-go/graph/generated/generated.go:2302.3,2303.17 2 0
github.com/cryanbrow/eve-graphql-go/graph/generated/generated.go:2307.3,2307.81 1 0
github.com/cryanbrow/eve-graphql-go/graph/generated/generated.go:2309.27,2310.44 1 0
github.com/cryanbrow/eve-graphql-go/graph/generated/generated.go:2314.3,2315.17 2 0
github.com/cryanbrow/eve-graphql-go/graph/generated/generated.go:2319.3,2319.82 1 0
github.com/cryanbrow/eve-graphql-go/graph/generated/generated.go:2321.26,2322.43 1 0
github.com/cryanbrow/eve-graphql-go/graph/generated/generated.go:2326.3,2327.17 2 0
github.com/cryanbrow/eve-graphql-go/graph/generated/generated.go:2331.3,2331.81 1 0
github.com/cryanbrow/eve-graphql-go/graph/generated/generated.go:2333.23,2334.40 1 0
github.com/cryanbrow/eve-graphql-go/graph/generated/generated.go:2338.3,2338.59 1 0
github.com/cryanbrow/eve-graphql-go/graph/generated/generated.go:2340.26,2341.43 1 0
github.com/cryanbrow/eve-graphql-go/graph/generated/generated.go:2345.3,2345.62 1 0
github.com/cryanbrow/eve-graphql-go/graph/generated/generated.go:2347.19,2348.36 1 0
github.com/cryanbrow/eve-graphql-go/graph/generated/generated.go:2352.3,2352.55 1 0
github.com/cryanbrow/eve-graphql-go/graph/generated/generated.go:2354.22,2355.38 1 0
github.com/cryanbrow/eve-graphql-go/graph/generated/generated.go:2359.3,2359.57 1 0
github.com/cryanbrow/eve-graphql-go/graph/generated/generated.go:2361.35,2362.51 1 0
github.com/cryanbrow/eve-graphql-go/graph/generated/generated.go:2366.3,2366.70 1 0
github.com/cryanbrow/eve-graphql-go/graph/generated/generated.go:2368.31,2369.48 1 0
github.com/cryanbrow/eve-graphql-go/graph/generated/generated.go:2373.3,2373.67 1 0
github.com/cryanbrow/eve-graphql-go/graph/generated/generated.go:2375.28,2376.45 1 0
github.com/cryanbrow/eve-graphql-go/graph/generated/generated.go:2380.3,2380.64 1 0
github.com/cryanbrow/eve-graphql-go/graph/generated/generated.go:2382.21,2383.38 1 0
github.com/cryanbrow/eve-graphql-go/graph/generated/generated.go:2387.3,2387.57 1 0
github.com/cryanbrow/eve-graphql-go/graph/generated/generated.go:2389.26,2390.42 1 0
github.com/cryanbrow/eve-graphql-go/graph/generated/generated.go:2394.3,2394.61 1 0
github.com/cryanbrow/eve-graphql-go/graph/generated/generated.go:2396.18,2397.35 1 0
github.com/cryanbrow/eve-graphql-go/graph/generated/generated.go:2401.3,2401.54 1 0
github.com/cryanbrow/eve-graphql-go/graph/generated/generated.go:2403.24,2404.40 1 0
github.com/cryanbrow/eve-graphql-go/graph/generated/generated.go:2408.3,2408.59 1 0
github.com/cryanbrow/eve-graphql-go/graph/generated/generated.go:2410.25,2411.42 1 0
github.com/cryanbrow/eve-graphql-go/graph/generated/generated.go:2415.3,2415.61 1 0
github.com/cryanbrow/eve-graphql-go/graph/generated/generated.go:2417.19,2418.36 1 0
github.com/cryanbrow/eve-graphql-go/graph/generated/generated.go:2422.3,2422.55 1 0
github.com/cryanbrow/eve-graphql-go/graph/generated/generated.go:2424.21,2425.38 1 0
github.com/cryanbrow/eve-graphql-go/graph/generated/generated.go:2429.3,2429.57 1 0
github.com/cryanbrow/eve-graphql-go/graph/generated/generated.go:2431.27,2432.43 1 0
github.com/cryanbrow/eve-graphql-go/graph/generated/generated.go:2436.3,2436.62 1 0
github.com/cryanbrow/eve-graphql-go/graph/generated/generated.go:2438.30,2439.45 1 0
github.com/cryanbrow/eve-graphql-go/graph/generated/generated.go:2443.3,2443.64 1 0
github.com/cryanbrow/eve-graphql-go/graph/generated/generated.go:2445.29,2446.45 1 0
github.com/cryanbrow/eve-graphql-go/graph/generated/generated.go:2450.3,2450.64 1 0
github.com/cryanbrow/eve-graphql-go/graph/generated/generated.go:2452.22,2453.38 1 0
github.com/cryanbrow/eve-graphql-go/graph/generated/generated.go:2457.3,2457.57 1 0
github.com/cryanbrow/eve-graphql-go/graph/generated/generated.go:2459.26,2460.43 1 0
github.com/cryanbrow/eve-graphql-go/graph/generated/generated.go:2464.3,2464.62 1 0
github.com/cryanbrow/eve-graphql-go/graph/generated/generated.go:2466.22,2467.38 1 0
github.com/cryanbrow/eve-graphql-go/graph/generated/generated.go:2471.3,2471.57 1 0
github.com/cryanbrow/eve-graphql-go/graph/generated/generated.go:2473.30,2474.47 1 0
github.com/cryanbrow/eve-graphql-go/graph/generated/generated.go:2478.3,2478.66 1 0
github.com/cryanbrow/eve-graphql-go/graph/generated/generated.go:2480.28,2481.44 1 0
github.com/cryanbrow/eve-graphql-go/graph/generated/generated.go:2485.3,2485.63 1 0
github.com/cryanbrow/eve-graphql-go/graph/generated/generated.go:2487.23,2488.40 1 0
github.com/cryanbrow/eve-graphql-go/graph/generated/generated.go:2492.3,2492.59 1 0
github.com/cryanbrow/eve-graphql-go/graph/generated/generated.go:2494.27,2495.44 1 0
github.com/cryanbrow/eve-graphql-go/graph/generated/generated.go:2499.3,2499.63 1 0
github.com/cryanbrow/eve-graphql-go/graph/generated/generated.go:2501.30,2502.46 1 0
github.com/cryanbrow/eve-graphql-go/graph/generated/generated.go:2506.3,2506.65 1 0
github.com/cryanbrow/eve-graphql-go/graph/generated/generated.go:2508.25,2509.42 1 0
github.com/cryanbrow/eve-graphql-go/graph/generated/generated.go:2513.3,2513.61 1 0
github.com/cryanbrow/eve-graphql-go/graph/generated/generated.go:2515.26,2516.42 1 0
github.com/cryanbrow/eve-graphql-go/graph/generated/generated.go:2520.3,2520.61 1 0
github.com/cryanbrow/eve-graphql-go/graph/generated/generated.go:2522.38,2523.55 1 0
github.com/cryanbrow/eve-graphql-go/graph/generated/generated.go:2527.3,2527.74 1 0
github.com/cryanbrow/eve-graphql-go/graph/generated/generated.go:2529.41,2530.57 1 0
github.com/cryanbrow/eve-graphql-go/graph/generated/generated.go:2534.3,2534.76 1 0
github.com/cryanbrow/eve-graphql-go/graph/generated/generated.go:2536.36,2537.53 1 0
github.com/cryanbrow/eve-graphql-go/graph/generated/generated.go:2541.3,2541.72 1 0
github.com/cryanbrow/eve-graphql-go/graph/generated/generated.go:2543.39,2544.55 1 0
github.com/cryanbrow/eve-graphql-go/graph/generated/generated.go:2548.3,2548.74 1 0
github.com/cryanbrow/eve-graphql-go/graph/generated/generated.go:2550.42,2551.56 1 0
github.com/cryanbrow/eve-graphql-go/graph/generated/generated.go:2555.3,2555.75 1 0
github.com/cryanbrow/eve-graphql-go/graph/generated/generated.go:2557.22,2558.39 1 0
github.com/cryanbrow/eve-graphql-go/graph/generated/generated.go:2562.3,2562.58 1 0
github.com/cryanbrow/eve-graphql-go/graph/generated/generated.go:2564.36,2565.51 1 0
github.com/cryanbrow/eve-graphql-go/graph/generated/generated.go:2569.3,2569.70 1 0
github.com/cryanbrow/eve-graphql-go/graph/generated/generated.go:2571.23,2572.40 1 0
github.com/cryanbrow/eve-graphql-go/graph/generated/generated.go:2576.3,2576.59 1 0
github.com/cryanbrow/eve-graphql-go/graph/generated/generated.go:2578.36,2579.52 1 0
github.com/cryanbrow/eve-graphql-go/graph/generated/generated.go:2583.3,2583.71 1 0
github.com/cryanbrow/eve-graphql-go/graph/generated/generated.go:2585.26,2586.43 1 0
github.com/cryanbrow/eve-graphql-go/graph/generated/generated.go:2590.3,2590.62 1 0
github.com/cryanbrow/eve-graphql-go/graph/generated/generated.go:2592.22,2593.39 1 0
github.com/cryanbrow/eve-graphql-go/graph/generated/generated.go:2597.3,2597.58 1 0
github.com/cryanbrow/eve-graphql-go/graph/generated/generated.go:2599.25,2600.41 1 0
github.com/cryanbrow/eve-graphql-go/graph/generated/generated.go:2604.3,2604.60 1 0
github.com/cryanbrow/eve-graphql-go/graph/generated/generated.go:2606.41,2607.57 1 0
github.com/cryanbrow/eve-graphql-go/graph/generated/generated.go:2611.3,2611.76 1 0
github.com/cryanbrow/eve-graphql-go/graph/generated/generated.go:2613.44,2614.59 1 0
github.com/cryanbrow/eve-graphql-go/graph/generated/generated.go:2618.3,2618.78 1 0
github.com/cryanbrow/eve-graphql-go/graph/generated/generated.go:2620.26,2621.43 1 0
github.com/cryanbrow/eve-graphql-go/graph/generated/generated.go:2625.3,2625.62 1 0
github.com/cryanbrow/eve-graphql-go/graph/generated/generated.go:2627.28,2628.44 1 0
github.com/cryanbrow/eve-graphql-go/graph/generated/generated.go:2632.3,2632.63 1 0
github.com/cryanbrow/eve-graphql-go/graph/generated/generated.go:2634.30,2635.46 1 0
github.com/cryanbrow/eve-graphql-go/graph/generated/generated.go:2639.3,2639.65 1 0
github.com/cryanbrow/eve-graphql-go/graph/generated/generated.go:2641.24,2642.41 1 0
github.com/cryanbrow/eve-graphql-go/graph/generated/generated.go:2646.3,2646.60 1 0
github.com/cryanbrow/eve-graphql-go/graph/generated/generated.go:2648.27,2649.43 1 0
github.com/cryanbrow/eve-graphql-go/graph/generated/generated.go:2653.3,2653.62 1 0
github.com/cryanbrow/eve-graphql-go/graph/generated/generated.go:2655.25,2656.41 1 0
github.com/cryanbrow/eve-graphql-go/graph/generated/generated.go:2660.3,2660.60 1 0
github.com/cryanbrow/eve-graphql-go/graph/generated/generated.go:2662.30,2663.47 1 0
github.com/cryanbrow/eve-graphql-go/graph/generated/generated.go:2667.3,2667.66 1 0
github.com/cryanbrow/eve-graphql-go/graph/generated/generated.go:2669.33,2670.49 1 0
github.com/cryanbrow/eve-graphql-go/graph/generated/generated.go:2674.3,2674.68 1 0
github.com/cryanbrow/eve-graphql-go/graph/generated/generated.go:2676.21,2677.38 1 0
github.com/cryanbrow/eve-graphql-go/graph/generated/generated.go:2681.3,2681.57 1 0
github.com/cryanbrow/eve-graphql-go/graph/generated/generated.go:2683.24,2684.41 1 0
github.com/cryanbrow/eve-graphql-go/graph/generated/generated.go:2688.3,2688.60 1 0
github.com/cryanbrow/eve-graphql-go/graph/generated/generated.go:2690.25,2691.42 1 0
github.com/cryanbrow/eve-graphql-go/graph/generated/generated.go:2695.3,2695.61 1 0
github.com/cryanbrow/eve-graphql-go/graph/generated/generated.go:2697.31,2698.47 1 0
github.com/cryanbrow/eve-graphql-go/graph/generated/generated.go:2702.3,2702.66 1 0
github.com/cryanbrow/eve-graphql-go/graph/generated/generated.go:2704.21,2705.38 1 0
github.com/cryanbrow/eve-graphql-go/graph/generated/generated.go:2709.3,2709.57 1 0
github.com/cryanbrow/eve-graphql-go/graph/generated/generated.go:2711.24,2712.40 1 0
github.com/cryanbrow/eve-graphql-go/graph/generated/generated.go:2716.3,2716.59 1 0
github.com/cryanbrow/eve-graphql-go/graph/generated/generated.go:2718.30,2719.46 1 0
github.com/cryanbrow/eve-graphql-go/graph/generated/generated.go:2723.3,2723.65 1 0
github.com/cryanbrow/eve-graphql-go/graph/generated/generated.go:2725.26,2726.43 1 0
github.com/cryanbrow/eve-graphql-go/graph/generated/generated.go:2730.3,2730.62 1 0
github.com/cryanbrow/eve-graphql-go/graph/generated/generated.go:2732.29,2733.45 1 0
github.com/cryanbrow/eve-graphql-go/graph/generated/generated.go:2737.3,2737.64 1 0
github.com/cryanbrow/eve-graphql-go/graph/generated/generated.go:2739.25,2740.42 1 0
github.com/cryanbrow/eve-graphql-go/graph/generated/generated.go:2744.3,2744.61 1 0
github.com/cryanbrow/eve-graphql-go/graph/generated/generated.go:2746.26,2747.42 1 0
github.com/cryanbrow/eve-graphql-go/graph/generated/generated.go:2751.3,2751.61 1 0
github.com/cryanbrow/eve-graphql-go/graph/generated/generated.go:2753.38,2754.53 1 0
github.com/cryanbrow/eve-graphql-go/graph/generated/generated.go:2758.3,2758.72 1 0
github.com/cryanbrow/eve-graphql-go/graph/generated/generated.go:2760.49,2761.63 1 0
github.com/cryanbrow/eve-graphql-go/graph/generated/generated.go:2765.3,2765.82 1 0
github.com/cryanbrow/eve-graphql-go/graph/generated/generated.go:2767.36,2768.51 1 0
github.com/cryanbrow/eve-graphql-go/graph/generated/generated.go:2772.3,2772.70 1 0
github.com/cryanbrow/eve-graphql-go/graph/generated/generated.go:2774.29,2775.45 1 0
github.com/cryanbrow/eve-graphql-go/graph/generated/generated.go:2779.3,2779.64 1 0
github.com/cryanbrow/eve-graphql-go/graph/generated/generated.go:2781.33,2782.48 1 0
github.com/cryanbrow/eve-graphql-go/graph/generated/generated.go:2786.3,2786.67 1 0
github.com/cryanbrow/eve-graphql-go/graph/generated/generated.go:2788.41,2789.56 1 0
github.com/cryanbrow/eve-graphql-go/graph/generated/generated.go:2793.3,2793.75 1 0
github.com/cryanbrow/eve-graphql-go/graph/generated/generated.go:2795.17,2796.34 1 0
github.com/cryanbrow/eve-graphql-go/graph/generated/generated.go:2800.3,2800.53 1 0
github.com/cryanbrow/eve-graphql-go/graph/generated/generated.go:649.43,650.9 1 0
github.com/cryanbrow/eve-graphql-go/graph/generated/generated.go:656.54,657.9 1 0
github.com/cryanbrow/eve-graphql-go/graph/generated/generated.go:663.56,664.9 1 0
github.com/cryanbrow/eve-graphql-go/graph/generated/generated.go:670.45,671.9 1 0
github.com/cryanbrow/eve-graphql-go/graph/generated/generated.go:677.47,678.9 1 0
github.com/cryanbrow/eve-graphql-go/graph/generated/generated.go:684.55,685.9 1 0
github.com/cryanbrow/eve-graphql-go/graph/generated/generated.go:691.57,692.9 1 0
github.com/cryanbrow/eve-graphql-go/graph/generated/generated.go:698.43,699.9 1 0
github.com/cryanbrow/eve-graphql-go/graph/generated/generated.go:705.45,706.9 1 0
github.com/cryanbrow/eve-graphql-go/graph/generated/generated.go:712.40,713.9 1 0
github.com/cryanbrow/eve-graphql-go/graph/generated/generated.go:719.42,720.9 1 0
github.com/cryanbrow/eve-graphql-go/graph/generated/generated.go:726.45,727.9 1 0
github.com/cryanbrow/eve-graphql-go/graph/generated/generated.go:733.47,734.9 1 0
github.com/cryanbrow/eve-graphql-go/graph/generated/generated.go:740.47,741.9 1 0
github.com/cryanbrow/eve-graphql-go/graph/generated/generated.go:747.38,748.9 1 0
github.com/cryanbrow/eve-graphql-go/graph/generated/generated.go:754.42,755.9 1 0
github.com/cryanbrow/eve-graphql-go/graph/generated/generated.go:761.40,762.9 1 0
github.com/cryanbrow/eve-graphql-go/graph/generated/generated.go:768.52,769.9 1 0
github.com/cryanbrow/eve-graphql-go/graph/generated/generated.go:775.44,776.9 1 0
github.com/cryanbrow/eve-graphql-go/graph/generated/generated.go:782.48,783.9 1 0
github.com/cryanbrow/eve-graphql-go/graph/generated/generated.go:789.46,790.9 1 0
github.com/cryanbrow/eve-graphql-go/graph/generated/generated.go:796.48,797.9 1 0
github.com/cryanbrow/eve-graphql-go/graph/generated/generated.go:803.48,804.9 1 0
github.com/cryanbrow/eve-graphql-go/graph/generated/generated.go:810.45,811.9 1 0
github.com/cryanbrow/eve-graphql-go/graph/generated/generated.go:817.48,818.9 1 0
github.com/cryanbrow/eve-graphql-go/graph/generated/generated.go:824.50,825.9 1 0
github.com/cryanbrow/eve-graphql-go/graph/generated/generated.go:831.48,832.9 1 0
github.com/cryanbrow/eve-graphql-go/graph/generated/generated.go:838.49,839.9 1 0
github.com/cryanbrow/eve-graphql-go/graph/generated/generated.go:845.43,846.9 1 0
github.com/cryanbrow/eve-graphql-go/graph/generated/generated.go:852.41,853.9 1 0
github.com/cryanbrow/eve-graphql-go/graph/generated/generated.go:859.47,860.9 1 0
github.com/cryanbrow/eve-graphql-go/graph/generated/generated.go:866.41,867.9 1 0
github.com/cryanbrow/eve-graphql-go/graph/generated/generated.go:873.43,874.9 1 0
github.com/cryanbrow/eve-graphql-go/graph/generated/generated.go:880.45,881.9 1 0
github.com/cryanbrow/eve-graphql-go/graph/generated/generated.go:887.47,888.9 1 0
github.com/cryanbrow/eve-graphql-go/graph/generated/generated.go:894.46,895.9 1 0
github.com/cryanbrow/eve-graphql-go/graph/generated/generated.go:901.50,902.9 1 0
github.com/cryanbrow/eve-graphql-go/graph/generated/generated.go:908.46,909.9 1 0
github.com/cryanbrow/eve-graphql-go/graph/generated/generated.go:915.40,916.9 1 0
github.com/cryanbrow/eve-graphql-go/graph/generated/generated.go:922.45,923.9 1 0
github.com/cryanbrow/eve-graphql-go/graph/generated/generated.go:929.45,930.9 1 0
github.com/cryanbrow/eve-graphql-go/graph/generated/generated.go:936.47,937.9 1 0
github.com/cryanbrow/eve-graphql-go/graph/generated/generated.go:943.45,944.9 1 0
github.com/cryanbrow/eve-graphql-go/graph/generated/generated.go:950.47,951.9 1 0
github.com/cryanbrow/eve-graphql-go/graph/generated/generated.go:957.45,958.9 1 0
github.com/cryanbrow/eve-graphql-go/graph/generated/generated.go:964.46,965.9 1 0
github.com/cryanbrow/eve-graphql-go/graph/generated/generated.go:971.48,972.9 1 0
github.com/cryanbrow/eve-graphql-go/graph/generated/generated.go:978.48,979.9 1 0
github.com/cryanbrow/eve-graphql-go/graph/generated/generated.go:985.50,986.9 1 0
github.com/cryanbrow/eve-graphql-go/graph/generated/generated.go:992.48,993.9 1 0
github.com/cryanbrow/eve-graphql-go/graph/generated/generated.go:999.44,1000.9 1 0
github.com/cryanbrow/eve-graphql-go/graph/generated/generated.go:1006.46,1007.9 1 0
github.com/cryanbrow/eve-graphql-go/graph/generated/generated.go:1013.43,1014.9 1 0
github.com/cryanbrow/eve-graphql-go/graph/generated/generated.go:1020.41,1021.9 1 0
github.com/cryanbrow/eve-graphql-go/graph/generated/generated.go:1027.41,1028.9 1 0
github.com/cryanbrow/eve-graphql-go/graph/generated/generated.go:1034.43,1035.9 1 0
github.com/cryanbrow/eve-graphql-go/graph/generated/generated.go:1041.51,1042.9 1 0
github.com/cryanbrow/eve-graphql-go/graph/generated/generated.go:1048.42,1049.9 1 0
github.com/cryanbrow/eve-graphql-go/graph/generated/generated.go:1055.56,1056.9 1 0
github.com/cryanbrow/eve-graphql-go/graph/generated/generated.go:1062.45,1063.9 1 0
github.com/cryanbrow/eve-graphql-go/graph/generated/generated.go:1069.49,1070.9 1 0
github.com/cryanbrow/eve-graphql-go/graph/generated/generated.go:1076.47,1077.9 1 0
github.com/cryanbrow/eve-graphql-go/graph/generated/generated.go:1083.49,1084.9 1 0
github.com/cryanbrow/eve-graphql-go/graph/generated/generated.go:1090.53,1091.9 1 0
github.com/cryanbrow/eve-graphql-go/graph/generated/generated.go:1097.48,1098.9 1 0
github.com/cryanbrow/eve-graphql-go/graph/generated/generated.go:1104.47,1105.9 1 0
github.com/cryanbrow/eve-graphql-go/graph/generated/generated.go:1111.49,1112.9 1 0
github.com/cryanbrow/eve-graphql-go/graph/generated/generated.go:1118.42,1119.9 1 0
github.com/cryanbrow/eve-graphql-go/graph/generated/generated.go:1125.44,1126.9 1 0
github.com/cryanbrow/eve-graphql-go/graph/generated/generated.go:1132.46,1133.9 1 0
github.com/cryanbrow/eve-graphql-go/graph/generated/generated.go:1139.48,1140.9 1 0
github.com/cryanbrow/eve-graphql-go/graph/generated/generated.go:1146.50,1147.9 1 0
github.com/cryanbrow/eve-graphql-go/graph/generated/generated.go:1153.50,1154.9 1 0
github.com/cryanbrow/eve-graphql-go/graph/generated/generated.go:1160.46,1161.9 1 0
github.com/cryanbrow/eve-graphql-go/graph/generated/generated.go:1167.48,1168.9 1 0
github.com/cryanbrow/eve-graphql-go/graph/generated/generated.go:1174.50,1175.9 1 0
github.com/cryanbrow/eve-graphql-go/graph/generated/generated.go:1181.52,1182.9 1 0
github.com/cryanbrow/eve-graphql-go/graph/generated/generated.go:1188.50,1189.9 1 0
github.com/cryanbrow/eve-graphql-go/graph/generated/generated.go:1195.43,1196.9 1 0
github.com/cryanbrow/eve-graphql-go/graph/generated/generated.go:1202.45,1203.9 1 0
github.com/cryanbrow/eve-graphql-go/graph/generated/generated.go:1209.46,1210.9 1 0
github.com/cryanbrow/eve-graphql-go/graph/generated/generated.go:1216.45,1217.9 1 0
github.com/cryanbrow/eve-graphql-go/graph/generated/generated.go:1223.42,1224.9 1 0
github.com/cryanbrow/eve-graphql-go/graph/generated/generated.go:1230.50,1231.9 1 0
github.com/cryanbrow/eve-graphql-go/graph/generated/generated.go:1237.51,1238.9 1 0
github.com/cryanbrow/eve-graphql-go/graph/generated/generated.go:1244.53,1245.9 1 0
github.com/cryanbrow/eve-graphql-go/graph/generated/generated.go:1251.47,1252.9 1 0
github.com/cryanbrow/eve-graphql-go/graph/generated/generated.go:1258.59,1259.9 1 0
github.com/cryanbrow/eve-graphql-go/graph/generated/generated.go:1265.60,1266.9 1 0
github.com/cryanbrow/eve-graphql-go/graph/generated/generated.go:1272.59,1273.9 1 0
github.com/cryanbrow/eve-graphql-go/graph/generated/generated.go:1279.59,1280.9 1 0
github.com/cryanbrow/eve-graphql-go/graph/generated/generated.go:1286.58,1287.9 1 0
github.com/cryanbrow/eve-graphql-go/graph/generated/generated.go:1293.52,1294.9 1 0
github.com/cryanbrow/eve-graphql-go/graph/generated/generated.go:1300.52,1301.9 1 0
github.com/cryanbrow/eve-graphql-go/graph/generated/generated.go:1307.57,1308.9 1 0
github.com/cryanbrow/eve-graphql-go/graph/generated/generated.go:1314.57,1315.9 1 0
github.com/cryanbrow/eve-graphql-go/graph/generated/generated.go:1321.52,1322.9 1 0
github.com/cryanbrow/eve-graphql-go/graph/generated/generated.go:1328.45,1329.9 1 0
github.com/cryanbrow/eve-graphql-go/graph/generated/generated.go:1335.47,1336.9 1 0
github.com/cryanbrow/eve-graphql-go/graph/generated/generated.go:1342.48,1343.9 1 0
github.com/cryanbrow/eve-graphql-go/graph/generated/generated.go:1349.56,1350.9 1 0
github.com/cryanbrow/eve-graphql-go/graph/generated/generated.go:1356.63,1357.9 1 0
github.com/cryanbrow/eve-graphql-go/graph/generated/generated.go:1363.63,1364.9 1 0
github.com/cryanbrow/eve-graphql-go/graph/generated/generated.go:1370.65,1371.9 1 0
github.com/cryanbrow/eve-graphql-go/graph/generated/generated.go:1377.56,1378.9 1 0
github.com/cryanbrow/eve-graphql-go/graph/generated/generated.go:1384.62,1385.9 1 0
github.com/cryanbrow/eve-graphql-go/graph/generated/generated.go:1391.64,1392.9 1 0
github.com/cryanbrow/eve-graphql-go/graph/generated/generated.go:1398.59,1399.9 1 0
github.com/cryanbrow/eve-graphql-go/graph/generated/generated.go:1405.53,1406.9 1 0
github.com/cryanbrow/eve-graphql-go/graph/generated/generated.go:1412.61,1413.9 1 0
github.com/cryanbrow/eve-graphql-go/graph/generated/generated.go:1419.61,1420.9 1 0
github.com/cryanbrow/eve-graphql-go/graph/generated/generated.go:1426.63,1427.9 1 0
github.com/cryanbrow/eve-graphql-go/graph/generated/generated.go:1433.49,1434.9 1 0
github.com/cryanbrow/eve-graphql-go/graph/generated/generated.go:1440.57,1441.9 1 0
github.com/cryanbrow/eve-graphql-go/graph/generated/generated.go:1447.56,1448.9 1 0
github.com/cryanbrow/eve-graphql-go/graph/generated/generated.go:1454.55,1455.9 1 0
github.com/cryanbrow/eve-graphql-go/graph/generated/generated.go:1461.54,1462.9 1 0
github.com/cryanbrow/eve-graphql-go/graph/generated/generated.go:1468.49,1469.9 1 0
github.com/cryanbrow/eve-graphql-go/graph/generated/generated.go:1475.59,1476.9 1 0
github.com/cryanbrow/eve-graphql-go/graph/generated/generated.go:1482.58,1483.9 1 0
github.com/cryanbrow/eve-graphql-go/graph/generated/generated.go:1489.54,1490.9 1 0
github.com/cryanbrow/eve-graphql-go/graph/generated/generated.go:1496.59,1497.9 1 0
github.com/cryanbrow/eve-graphql-go/graph/generated/generated.go:1503.61,1504.9 1 0
github.com/cryanbrow/eve-graphql-go/graph/generated/generated.go:1510.56,1511.9 1 0
github.com/cryanbrow/eve-graphql-go/graph/generated/generated.go:1517.67,1518.9 1 0
github.com/cryanbrow/eve-graphql-go/graph/generated/generated.go:1524.69,1525.9 1 0
github.com/cryanbrow/eve-graphql-go/graph/generated/generated.go:1531.46,1532.9 1 0
github.com/cryanbrow/eve-graphql-go/graph/generated/generated.go:1538.48,1539.9 1 0
github.com/cryanbrow/eve-graphql-go/graph/generated/generated.go:1545.46,1546.9 1 0
github.com/cryanbrow/eve-graphql-go/graph/generated/generated.go:1552.44,1553.9 1 0
github.com/cryanbrow/eve-graphql-go/graph/generated/generated.go:1559.43,1560.9 1 0
github.com/cryanbrow/eve-graphql-go/graph/generated/generated.go:1566.53,1567.9 1 0
github.com/cryanbrow/eve-graphql-go/graph/generated/generated.go:1573.55,1574.9 1 0
github.com/cryanbrow/eve-graphql-go/graph/generated/generated.go:1580.39,1581.9 1 0
github.com/cryanbrow/eve-graphql-go/graph/generated/generated.go:1587.45,1588.9 1 0
github.com/cryanbrow/eve-graphql-go/graph/generated/generated.go:1594.46,1595.9 1 0
github.com/cryanbrow/eve-graphql-go/graph/generated/generated.go:1601.48,1602.9 1 0
github.com/cryanbrow/eve-graphql-go/graph/generated/generated.go:1608.47,1609.9 1 0
github.com/cryanbrow/eve-graphql-go/graph/generated/generated.go:1615.53,1616.9 1 0
github.com/cryanbrow/eve-graphql-go/graph/generated/generated.go:1622.48,1623.9 1 0
github.com/cryanbrow/eve-graphql-go/graph/generated/generated.go:1629.46,1630.9 1 0
github.com/cryanbrow/eve-graphql-go/graph/generated/generated.go:1636.44,1637.9 1 0
github.com/cryanbrow/eve-graphql-go/graph/generated/generated.go:1643.45,1644.9 1 0
github.com/cryanbrow/eve-graphql-go/graph/generated/generated.go:1650.41,1651.9 1 0
github.com/cryanbrow/eve-graphql-go/graph/generated/generated.go:1657.49,1658.9 1 0
github.com/cryanbrow/eve-graphql-go/graph/generated/generated.go:1664.46,1665.9 1 0
github.com/cryanbrow/eve-graphql-go/graph/generated/generated.go:1671.46,1672.9 1 0
github.com/cryanbrow/eve-graphql-go/graph/generated/generated.go:1678.41,1679.9 1 0
github.com/cryanbrow/eve-graphql-go/graph/generated/generated.go:1685.43,1686.9 1 0
github.com/cryanbrow/eve-graphql-go/graph/generated/generated.go:1692.40,1693.9 1 0
github.com/cryanbrow/eve-graphql-go/graph/generated/generated.go:1699.42,1700.9 1 0
github.com/cryanbrow/eve-graphql-go/graph/generated/generated.go:1706.37,1707.9 1 0
github.com/cryanbrow/eve-graphql-go/graph/generated/generated.go:1713.42,1714.9 1 0
github.com/cryanbrow/eve-graphql-go/graph/generated/generated.go:1720.38,1721.9 1 0
github.com/cryanbrow/eve-graphql-go/graph/generated/generated.go:1727.34,1728.9 1 0
github.com/cryanbrow/eve-graphql-go/graph/generated/generated.go:1734.44,1735.9 1 0
github.com/cryanbrow/eve-graphql-go/graph/generated/generated.go:1741.47,1742.9 1 0
github.com/cryanbrow/eve-graphql-go/graph/generated/generated.go:1748.51,1749.9 1 0
github.com/cryanbrow/eve-graphql-go/graph/generated/generated.go:1755.48,1756.9 1 0
github.com/cryanbrow/eve-graphql-go/graph/generated/generated.go:1762.43,1763.9 1 0
github.com/cryanbrow/eve-graphql-go/graph/generated/generated.go:1769.45,1770.9 1 0
github.com/cryanbrow/eve-graphql-go/graph/generated/generated.go:1776.41,1777.9 1 0
github.com/cryanbrow/eve-graphql-go/graph/generated/generated.go:1783.43,1784.9 1 0
github.com/cryanbrow/eve-graphql-go/graph/generated/generated.go:1790.42,1791.9 1 0
github.com/cryanbrow/eve-graphql-go/graph/generated/generated.go:1797.47,1798.9 1 0
github.com/cryanbrow/eve-graphql-go/graph/generated/generated.go:1804.49,1805.9 1 0
github.com/cryanbrow/eve-graphql-go/graph/generated/generated.go:1811.40,1812.9 1 0
github.com/cryanbrow/eve-graphql-go/graph/generated/generated.go:1818.40,1819.9 1 0
github.com/cryanbrow/eve-graphql-go/graph/generated/generated.go:1825.50,1826.9 1 0
github.com/cryanbrow/eve-graphql-go/graph/generated/generated.go:1832.47,1833.9 1 0
github.com/cryanbrow/eve-graphql-go/graph/generated/generated.go:1839.45,1840.9 1 0
github.com/cryanbrow/eve-graphql-go/graph/generated/generated.go:1846.42,1847.9 1 0
github.com/cryanbrow/eve-graphql-go/graph/generated/generated.go:1853.42,1854.9 1 0
github.com/cryanbrow/eve-graphql-go/graph/generated/generated.go:1860.42,1861.9 1 0
github.com/cryanbrow/eve-graphql-go/graph/generated/generated.go:1867.50,1868.9 1 0
github.com/cryanbrow/eve-graphql-go/graph/generated/generated.go:1874.41,1875.9 1 0
github.com/cryanbrow/eve-graphql-go/graph/generated/generated.go:1881.43,1882.9 1 0
github.com/cryanbrow/eve-graphql-go/graph/generated/generated.go:1888.50,1889.9 1 0
github.com/cryanbrow/eve-graphql-go/graph/generated/generated.go:1895.52,1896.9 1 0
github.com/cryanbrow/eve-graphql-go/graph/generated/generated.go:1902.44,1903.9 1 0
github.com/cryanbrow/eve-graphql-go/graph/generated/generated.go:1909.51,1910.9 1 0
github.com/cryanbrow/eve-graphql-go/graph/generated/generated.go:1916.42,1917.9 1 0
github.com/cryanbrow/eve-graphql-go/graph/generated/generated.go:1923.44,1924.9 1 0
github.com/cryanbrow/eve-graphql-go/graph/generated/generated.go:1930.40,1931.9 1 0
github.com/cryanbrow/eve-graphql-go/graph/generated/generated.go:1937.53,1938.9 1 0
github.com/cryanbrow/eve-graphql-go/graph/generated/generated.go:1944.55,1945.9 1 0
github.com/cryanbrow/eve-graphql-go/graph/generated/generated.go:1951.54,1952.9 1 0
github.com/cryanbrow/eve-graphql-go/graph/generated/generated.go:1958.56,1959.9 1 0
github.com/cryanbrow/eve-graphql-go/graph/generated/generated.go:1965.44,1966.9 1 0
github.com/cryanbrow/eve-graphql-go/graph/generated/generated.go:1972.38,1973.9 1 0
github.com/cryanbrow/eve-graphql-go/graph/generated/generated.go:1979.36,1980.9 1 0
github.com/cryanbrow/eve-graphql-go/graph/generated/generated.go:1986.40,1987.9 1 0
github.com/cryanbrow/eve-graphql-go/graph/generated/generated.go:1993.38,1994.9 1 0
github.com/cryanbrow/eve-graphql-go/graph/generated/generated.go:2000.40,2001.9 1 0
github.com/cryanbrow/eve-graphql-go/graph/generated/generated.go:2007.41,2008.9 1 0
github.com/cryanbrow/eve-graphql-go/graph/generated/generated.go:2014.43,2015.9 1 0
github.com/cryanbrow/eve-graphql-go/graph/generated/generated.go:2021.39,2022.9 1 0
github.com/cryanbrow/eve-graphql-go/graph/generated/generated.go:2028.41,2029.9 1 0
github.com/cryanbrow/eve-graphql-go/graph/generated/generated.go:2035.41,2036.9 1 0
github.com/cryanbrow/eve-graphql-go/graph/generated/generated.go:2042.43,2043.9 1 0
github.com/cryanbrow/eve-graphql-go/graph/generated/generated.go:2049.42,2050.9 1 0
github.com/cryanbrow/eve-graphql-go/graph/generated/generated.go:2056.40,2057.9 1 0
github.com/cryanbrow/eve-graphql-go/graph/generated/generated.go:2063.38,2064.9 1 0
github.com/cryanbrow/eve-graphql-go/graph/generated/generated.go:2070.38,2071.9 1 0
github.com/cryanbrow/eve-graphql-go/graph/generated/generated.go:2077.39,2078.9 1 0
github.com/cryanbrow/eve-graphql-go/graph/generated/generated.go:2084.41,2085.9 1 0
github.com/cryanbrow/eve-graphql-go/graph/generated/generated.go:2091.39,2092.9 1 0
github.com/cryanbrow/eve-graphql-go/graph/generated/generated.go:2098.45,2099.9 1 0
github.com/cryanbrow/eve-graphql-go/graph/generated/generated.go:2105.44,2106.9 1 0
github.com/cryanbrow/eve-graphql-go/graph/generated/generated.go:2112.47,2113.9 1 0
github.com/cryanbrow/eve-graphql-go/graph/generated/generated.go:2119.44,2120.9 1 0
github.com/cryanbrow/eve-graphql-go/graph/generated/generated.go:2126.47,2127.9 1 0
github.com/cryanbrow/eve-graphql-go/graph/generated/generated.go:2133.46,2134.9 1 0
github.com/cryanbrow/eve-graphql-go/graph/generated/generated.go:2140.50,2141.9 1 0
github.com/cryanbrow/eve-graphql-go/graph/generated/generated.go:2147.46,2148.9 1 0
github.com/cryanbrow/eve-graphql-go/graph/generated/generated.go:2154.44,2155.9 1 0
github.com/cryanbrow/eve-graphql-go/graph/generated/generated.go:2161.46,2162.9 1 0
github.com/cryanbrow/eve-graphql-go/graph/generated/generated.go:2168.42,2169.9 1 0
github.com/cryanbrow/eve-graphql-go/graph/generated/generated.go:2175.38,2176.9 1 0
github.com/cryanbrow/eve-graphql-go/graph/generated/generated.go:2182.42,2183.9 1 0
github.com/cryanbrow/eve-graphql-go/graph/generated/generated.go:2189.42,2190.9 1 0
github.com/cryanbrow/eve-graphql-go/graph/generated/generated.go:2196.40,2197.9 1 0
github.com/cryanbrow/eve-graphql-go/graph/generated/generated.go:2203.42,2204.9 1 0
github.com/cryanbrow/eve-graphql-go/graph/generated/generated.go:2210.40,2211.9 1 0
github.com/cryanbrow/eve-graphql-go/graph/generated/generated.go:2217.37,2218.9 1 0
github.com/cryanbrow/eve-graphql-go/graph/generated/generated.go:2224.37,2225.9 1 0
github.com/cryanbrow/eve-graphql-go/graph/generated/generated.go:2231.37,2232.9 1 0
github.com/cryanbrow/eve-graphql-go/graph/generated/generated.go:2238.48,2239.9 1 0
github.com/cryanbrow/eve-graphql-go/graph/generated/generated.go:2243.17,2245.4 1 0
github.com/cryanbrow/eve-graphql-go/graph/generated/generated.go:2250.44,2251.9 1 0
github.com/cryanbrow/eve-graphql-go/graph/generated/generated.go:2255.17,2257.4 1 0
github.com/cryanbrow/eve-graphql-go/graph/generated/generated.go:2262.45,2263.9 1 0
github.com/cryanbrow/eve-graphql-go/graph/generated/generated.go:2267.17,2269.4 1 0
github.com/cryanbrow/eve-graphql-go/graph/generated/generated.go:2274.48,2275.9 1 0
github.com/cryanbrow/eve-graphql-go/graph/generated/generated.go:2279.17,2281.4 1 0
github.com/cryanbrow/eve-graphql-go/graph/generated/generated.go:2286.54,2287.9 1 0
github.com/cryanbrow/eve-graphql-go/graph/generated/generated.go:2291.17,2293.4 1 0
github.com/cryanbrow/eve-graphql-go/graph/generated/generated.go:2298.43,2299.9 1 0
github.com/cryanbrow/eve-graphql-go/graph/generated/generated.go:2303.17,2305.4 1 0
github.com/cryanbrow/eve-graphql-go/graph/generated/generated.go:2310.44,2311.9 1 0
github.com/cryanbrow/eve-graphql-go/graph/generated/generated.go:2315.17,2317.4 1 0
github.com/cryanbrow/eve-graphql-go/graph/generated/generated.go:2322.43,2323.9 1 0
github.com/cryanbrow/eve-graphql-go/graph/generated/generated.go:2327.17,2329.4 1 0
github.com/cryanbrow/eve-graphql-go/graph/generated/generated.go:2334.40,2335.9 1 0
github.com/cryanbrow/eve-graphql-go/graph/generated/generated.go:2341.43,2342.9 1 0
github.com/cryanbrow/eve-graphql-go/graph/generated/generated.go:2348.36,2349.9 1 0
github.com/cryanbrow/eve-graphql-go/graph/generated/generated.go:2355.38,2356.9 1 0
github.com/cryanbrow/eve-graphql-go/graph/generated/generated.go:2362.51,2363.9 1 0
github.com/cryanbrow/eve-graphql-go/graph/generated/generated.go:2369.48,2370.9 1 0
github.com/cryanbrow/eve-graphql-go/graph/generated/generated.go:2376.45,2377.9 1 0
github.com/cryanbrow/eve-graphql-go/graph/generated/generated.go:2383.38,2384.9 1 0
github.com/cryanbrow/eve-graphql-go/graph/generated/generated.go:2390.42,2391.9 1 0
github.com/cryanbrow/eve-graphql-go/graph/generated/generated.go:2397.35,2398.9 1 0
github.com/cryanbrow/eve-graphql-go/graph/generated/generated.go:2404.40,2405.9 1 0
github.com/cryanbrow/eve-graphql-go/graph/generated/generated.go:2411.42,2412.9 1 0
github.com/cryanbrow/eve-graphql-go/graph/generated/generated.go:2418.36,2419.9 1 0
github.com/cryanbrow/eve-graphql-go/graph/generated/generated.go:2425.38,2426.9 1 0
github.com/cryanbrow/eve-graphql-go/graph/generated/generated.go:2432.43,2433.9 1 0
github.com/cryanbrow/eve-graphql-go/graph/generated/generated.go:2439.45,2440.9 1 0
github.com/cryanbrow/eve-graphql-go/graph/generated/generated.go:2446.45,2447.9 1 0
github.com/cryanbrow/eve-graphql-go/graph/generated/generated.go:2453.38,2454.9 1 0
github.com/cryanbrow/eve-graphql-go/graph/generated/generated.go:2460.43,2461.9 1 0
github.com/cryanbrow/eve-graphql-go/graph/generated/generated.go:2467.38,2468.9 1 0
github.com/cryanbrow/eve-graphql-go/graph/generated/generated.go:2474.47,2475.9 1 0
github.com/cryanbrow/eve-graphql-go/graph/generated/generated.go:2481.44,2482.9 1 0
github.com/cryanbrow/eve-graphql-go/graph/generated/generated.go:2488.40,2489.9 1 0
github.com/cryanbrow/eve-graphql-go/graph/generated/generated.go:2495.44,2496.9 1 0
github.com/cryanbrow/eve-graphql-go/graph/generated/generated.go:2502.46,2503.9 1 0
github.com/cryanbrow/eve-graphql-go/graph/generated/generated.go:2509.42,2510.9 1 0
github.com/cryanbrow/eve-graphql-go/graph/generated/generated.go:2516.42,2517.9 1 0
github.com/cryanbrow/eve-graphql-go/graph/generated/generated.go:2523.55,2524.9 1 0
github.com/cryanbrow/eve-graphql-go/graph/generated/generated.go:2530.57,2531.9 1 0
github.com/cryanbrow/eve-graphql-go/graph/generated/generated.go:2537.53,2538.9 1 0
github.com/cryanbrow/eve-graphql-go/graph/generated/generated.go:2544.55,2545.9 1 0
github.com/cryanbrow/eve-graphql-go/graph/generated/generated.go:2551.56,2552.9 1 0
github.com/cryanbrow/eve-graphql-go/graph/generated/generated.go:2558.39,2559.9 1 0
github.com/cryanbrow/eve-graphql-go/graph/generated/generated.go:2565.51,2566.9 1 0
github.com/cryanbrow/eve-graphql-go/graph/generated/generated.go:2572.40,2573.9 1 0
[...]
github.com/cryanbrow/eve-graphql-go/graph/data_access/esi/universe/universe_rest.go:268.35,270.32 2 0
github.com/cryanbrow/eve-graphql-go/graph/data_access/esi/universe/universe_rest.go:274.3,275.17 2 0
github.com/cryanbrow/eve-graphql-go/graph/data_access/esi/universe/universe_rest.go:270.32,273.4 2 0
github.com/cryanbrow/eve-graphql-go/graph/data_access/esi/universe/universe_rest.go:275.17,277.4 1 0
github.com/cryanbrow/eve-graphql-go/graph/data_access/esi/universe/universe_rest.go:277.9,279.4 1 0
github.com/cryanbrow/eve-graphql-go/graph/data_access/esi/universe/universe_rest.go:284.51,286.15 2 0
github.com/cryanbrow/eve-graphql-go/graph/data_access/esi/universe/universe_rest.go:289.2,294.16 5 0
github.com/cryanbrow/eve-graphql-go/graph/data_access/esi/universe/universe_rest.go:298.2,298.64 1 0
github.com/cryanbrow/eve-graphql-go/graph/data_access/esi/universe/universe_rest.go:303.2,303.21 1 0
github.com/cryanbrow/eve-graphql-go/graph/data_access/esi/universe/universe_rest.go:286.15,288.3 1 0
github.com/cryanbrow/eve-graphql-go/graph/data_access/esi/universe/universe_rest.go:294.16,296.3 1 0
github.com/cryanbrow/eve-graphql-go/graph/data_access/esi/universe/universe_rest.go:298.64,301.3 2 0
github.com/cryanbrow/eve-graphql-go/graph/data_access/esi/universe/universe_rest.go:306.47,308.15 2 0
github.com/cryanbrow/eve-graphql-go/graph/data_access/esi/universe/universe_rest.go:311.2,316.16 5 0
github.com/cryanbrow/eve-graphql-go/graph/data_access/esi/universe/universe_rest.go:320.2,320.62 1 0
github.com/cryanbrow/eve-graphql-go/graph/data_access/esi/universe/universe_rest.go:325.2,325.19 1 0
github.com/cryanbrow/eve-graphql-go/graph/data_access/esi/universe/universe_rest.go:308.15,310.3 1 0
github.com/cryanbrow/eve-graphql-go/graph/data_access/esi/universe/universe_rest.go:316.16,318.3 1 0
github.com/cryanbrow/eve-graphql-go/graph/data_access/esi/universe/universe_rest.go:320.62,323.3 2 0
github.com/cryanbrow/eve-graphql-go/graph/data_access/esi/universe/universe_rest.go:328.61,331.17 3 0
github.com/cryanbrow/eve-graphql-go/graph/data_access/esi/universe/universe_rest.go:334.2,339.16 5 0
github.com/cryanbrow/eve-graphql-go/graph/data_access/esi/universe/universe_rest.go:344.2,345.16 2 0
github.com/cryanbrow/eve-graphql-go/graph/data_access/esi/universe/universe_rest.go:349.2,349.60 1 0
github.com/cryanbrow/eve-graphql-go/graph/data_access/esi/universe/universe_rest.go:354.2,354.19 1 0
github.com/cryanbrow/eve-graphql-go/graph/data_access/esi/universe/universe_rest.go:331.17,333.3 1 0
github.com/cryanbrow/eve-graphql-go/graph/data_access/esi/universe/universe_rest.go:339.16,342.3 2 0
github.com/cryanbrow/eve-graphql-go/graph/data_access/esi/universe/universe_rest.go:345.16,347.3 1 0
github.com/cryanbrow/eve-graphql-go/graph/data_access/esi/universe/universe_rest.go:349.60,352.3 2 0
github.com/cryanbrow/eve-graphql-go/graph/data_access/esi/universe/universe_rest.go:355.20,356.32 1 0
github.com/cryanbrow/eve-graphql-go/graph/data_access/esi/universe/universe_rest.go:357.23,358.35 1 0
github.com/cryanbrow/eve-graphql-go/graph/data_access/esi/universe/universe_rest.go:359.24,360.36 1 0
github.com/cryanbrow/eve-graphql-go/graph/data_access/esi/universe/universe_rest.go:361.28,362.40 1 0
github.com/cryanbrow/eve-graphql-go/graph/data_access/esi/universe/universe_rest.go:363.26,364.38 1 0
github.com/cryanbrow/eve-graphql-go/graph/data_access/esi/universe/universe_rest.go:365.22,366.34 1 0
github.com/cryanbrow/eve-graphql-go/graph/data_access/esi/universe/universe_rest.go:367.29,368.40 1 0
github.com/cryanbrow/eve-graphql-go/graph/data_access/esi/universe/universe_rest.go:369.21,370.33 1 0
github.com/cryanbrow/eve-graphql-go/graph/data_access/esi/universe/universe_rest.go:371.21,372.33 1 0
github.com/cryanbrow/eve-graphql-go/graph/data_access/esi/universe/universe_rest.go:373.10,374.41 1 0
github.com/cryanbrow/eve-graphql-go/graph/data_access/esi/universe/universe_rest.go:379.66,381.36 2 0
github.com/cryanbrow/eve-graphql-go/graph/data_access/esi/universe/universe_rest.go:389.2,389.29 1 0
github.com/cryanbrow/eve-graphql-go/graph/data_access/esi/universe/universe_rest.go:381.36,383.17 2 0
github.com/cryanbrow/eve-graphql-go/graph/data_access/esi/universe/universe_rest.go:383.17,385.4 1 0
github.com/cryanbrow/eve-graphql-go/graph/data_access/esi/universe/universe_rest.go:385.9,387.4 1 0
github.com/cryanbrow/eve-graphql-go/graph/data_access/esi/universe/universe_rest.go:392.53,394.15 2 0
github.com/cryanbrow/eve-graphql-go/graph/data_access/esi/universe/universe_rest.go:397.2,402.16 5 0
github.com/cryanbrow/eve-graphql-go/graph/data_access/esi/universe/universe_rest.go:406.2,406.65 1 0
github.com/cryanbrow/eve-graphql-go/graph/data_access/esi/universe/universe_rest.go:411.2,411.22 1 0
github.com/cryanbrow/eve-graphql-go/graph/data_access/esi/universe/universe_rest.go:394.15,396.3 1 0
github.com/cryanbrow/eve-graphql-go/graph/data_access/esi/universe/universe_rest.go:402.16,404.3 1 0
github.com/cryanbrow/eve-graphql-go/graph/data_access/esi/universe/universe_rest.go:406.65,409.3 2 0
github.com/cryanbrow/eve-graphql-go/graph/data_access/esi/universe/universe_rest.go:414.55,416.32 2 0
github.com/cryanbrow/eve-graphql-go/graph/data_access/esi/universe/universe_rest.go:424.2,424.25 1 0
github.com/cryanbrow/eve-graphql-go/graph/data_access/esi/universe/universe_rest.go:416.32,418.17 2 0
github.com/cryanbrow/eve-graphql-go/graph/data_access/esi/universe/universe_rest.go:418.17,420.4 1 0
github.com/cryanbrow/eve-graphql-go/graph/data_access/esi/universe/universe_rest.go:420.9,422.4 1 0
github.com/cryanbrow/eve-graphql-go/graph/data_access/esi/universe/universe_rest.go:427.45,429.15 2 0
github.com/cryanbrow/eve-graphql-go/graph/data_access/esi/universe/universe_rest.go:432.2,437.16 5 0
github.com/cryanbrow/eve-graphql-go/graph/data_access/esi/universe/universe_rest.go:441.2,441.61 1 0
github.com/cryanbrow/eve-graphql-go/graph/data_access/esi/universe/universe_rest.go:446.2,446.18 1 0
github.com/cryanbrow/eve-graphql-go/graph/data_access/esi/universe/universe_rest.go:429.15,431.3 1 0
github.com/cryanbrow/eve-graphql-go/graph/data_access/esi/universe/universe_rest.go:437.16,439.3 1 0
github.com/cryanbrow/eve-graphql-go/graph/data_access/esi/universe/universe_rest.go:441.61,444.3 2 0
github.com/cryanbrow/eve-graphql-go/graph/data_access/esi/universe/universe_rest.go:449.49,451.15 2 0
github.com/cryanbrow/eve-graphql-go/graph/data_access/esi/universe/universe_rest.go:454.2,459.16 5 0
github.com/cryanbrow/eve-graphql-go/graph/data_access/esi/universe/universe_rest.go:463.2,463.63 1 0
github.com/cryanbrow/eve-graphql-go/graph/data_access/esi/universe/universe_rest.go:468.2,468.20 1 0
github.com/cryanbrow/eve-graphql-go/graph/data_access/esi/universe/universe_rest.go:451.15,453.3 1 0
github.com/cryanbrow/eve-graphql-go/graph/data_access/esi/universe/universe_rest.go:459.16,461.3 1 0
github.com/cryanbrow/eve-graphql-go/graph/data_access/esi/universe/universe_rest.go:463.63,466.3 2 0
github.com/cryanbrow/eve-graphql-go/graph/data_access/esi/universe/universe_rest.go:471.45,474.15 3 0
github.com/cryanbrow/eve-graphql-go/graph/data_access/esi/universe/universe_rest.go:478.2,479.14 2 0
github.com/cryanbrow/eve-graphql-go/graph/data_access/esi/universe/universe_rest.go:474.15,476.3 1 0
github.com/cryanbrow/eve-graphql-go/graph/data_access/esi/universe/universe_rest.go:479.14,481.17 2 0
github.com/cryanbrow/eve-graphql-go/graph/data_access/esi/universe/universe_rest.go:481.17,483.4 1 0
github.com/cryanbrow/eve-graphql-go/graph/data_access/esi/universe/universe_rest.go:483.9,485.4 1 0
github.com/cryanbrow/eve-graphql-go/graph/data_access/esi/universe/universe_rest.go:486.8,487.55 1 0
github.com/cryanbrow/eve-graphql-go/graph/data_access/esi/universe/universe_rest.go:487.55,490.4 2 0
github.com/cryanbrow/eve-graphql-go/graph/data_access/esi/universe/universe_rest.go:490.9,492.4 1 0
github.com/cryanbrow/eve-graphql-go/graph/data_access/esi/universe/universe_rest.go:496.48,505.16 8 0
github.com/cryanbrow/eve-graphql-go/graph/data_access/esi/universe/universe_rest.go:509.2,509.62 1 0
github.com/cryanbrow/eve-graphql-go/graph/data_access/esi/universe/universe_rest.go:513.2,513.29 1 0
github.com/cryanbrow/eve-graphql-go/graph/data_access/esi/universe/universe_rest.go:526.2,526.24 1 0
github.com/cryanbrow/eve-graphql-go/graph/data_access/esi/universe/universe_rest.go:505.16,507.3 1 0
github.com/cryanbrow/eve-graphql-go/graph/data_access/esi/universe/universe_rest.go:509.62,512.3 2 0
github.com/cryanbrow/eve-graphql-go/graph/data_access/esi/universe/universe_rest.go:513.29,515.26 2 0
github.com/cryanbrow/eve-graphql-go/graph/data_access/esi/universe/universe_rest.go:519.3,520.17 2 0
github.com/cryanbrow/eve-graphql-go/graph/data_access/esi/universe/universe_rest.go:515.26,518.4 2 0
github.com/cryanbrow/eve-graphql-go/graph/data_access/esi/universe/universe_rest.go:520.17,522.4 1 0
github.com/cryanbrow/eve-graphql-go/graph/data_access/esi/universe/universe_rest.go:522.9,524.4 1 0
github.com/cryanbrow/eve-graphql-go/graph/data_access/esi/universe/universe_rest.go:529.49,531.15 2 0
github.com/cryanbrow/eve-graphql-go/graph/data_access/esi/universe/universe_rest.go:534.2,539.16 5 0
github.com/cryanbrow/eve-graphql-go/graph/data_access/esi/universe/universe_rest.go:543.2,543.63 1 0
github.com/cryanbrow/eve-graphql-go/graph/data_access/esi/universe/universe_rest.go:548.2,548.20 1 0
github.com/cryanbrow/eve-graphql-go/graph/data_access/esi/universe/universe_rest.go:531.15,533.3 1 0
github.com/cryanbrow/eve-graphql-go/graph/data_access/esi/universe/universe_rest.go:539.16,541.3 1 0
github.com/cryanbrow/eve-graphql-go/graph/data_access/esi/universe/universe_rest.go:543.63,546.3 2 0
github.com/cryanbrow/eve-graphql-go/graph/data_access/esi/universe/universe_rest.go:551.45,553.15 2 0
github.com/cryanbrow/eve-graphql-go/graph/data_access/esi/universe/universe_rest.go:556.2,561.16 5 0
github.com/cryanbrow/eve-graphql-go/graph/data_access/esi/universe/universe_rest.go:565.2,565.61 1 0
github.com/cryanbrow/eve-graphql-go/graph/data_access/esi/universe/universe_rest.go:570.2,570.18 1 0
github.com/cryanbrow/eve-graphql-go/graph/data_access/esi/universe/universe_rest.go:553.15,555.3 1 0
github.com/cryanbrow/eve-graphql-go/graph/data_access/esi/universe/universe_rest.go:561.16,563.3 1 0
github.com/cryanbrow/eve-graphql-go/graph/data_access/esi/universe/universe_rest.go:565.61,568.3 2 0
github.com/cryanbrow/eve-graphql-go/graph/data_access/esi/universe/universe_rest.go:573.67,575.36 2 0
github.com/cryanbrow/eve-graphql-go/graph/data_access/esi/universe/universe_rest.go:583.2,583.29 1 0
github.com/cryanbrow/eve-graphql-go/graph/data_access/esi/universe/universe_rest.go:575.36,577.17 2 0
github.com/cryanbrow/eve-graphql-go/graph/data_access/esi/universe/universe_rest.go:577.17,579.4 1 0
github.com/cryanbrow/eve-graphql-go/graph/data_access/esi/universe/universe_rest.go:579.9,581.4 1 0
github.com/cryanbrow/eve-graphql-go/graph/data_access/esi/universe/universe_rest.go:586.53,588.15 2 0
github.com/cryanbrow/eve-graphql-go/graph/data_access/esi/universe/universe_rest.go:591.2,596.16 5 0
github.com/cryanbrow/eve-graphql-go/graph/data_access/esi/universe/universe_rest.go:600.2,600.65 1 0
github.com/cryanbrow/eve-graphql-go/graph/data_access/esi/universe/universe_rest.go:605.2,605.22 1 0
github.com/cryanbrow/eve-graphql-go/graph/data_access/esi/universe/universe_rest.go:588.15,590.3 1 0
github.com/cryanbrow/eve-graphql-go/graph/data_access/esi/universe/universe_rest.go:596.16,598.3 1 0
github.com/cryanbrow/eve-graphql-go/graph/data_access/esi/universe/universe_rest.go:600.65,603.3 2 0
github.com/cryanbrow/eve-graphql-go/graph/data_access/esi/universe/universe_rest.go:608.59,610.30 2 0
github.com/cryanbrow/eve-graphql-go/graph/data_access/esi/universe/universe_rest.go:618.2,618.28 1 0
github.com/cryanbrow/eve-graphql-go/graph/data_access/esi/universe/universe_rest.go:610.30,612.17 2 0
github.com/cryanbrow/eve-graphql-go/graph/data_access/esi/universe/universe_rest.go:612.17,614.4 1 0
github.com/cryanbrow/eve-graphql-go/graph/data_access/esi/universe/universe_rest.go:614.9,616.4 1 0
github.com/cryanbrow/eve-graphql-go/graph/data_access/esi/universe/universe_rest.go:621.51,622.15 1 0
github.com/cryanbrow/eve-graphql-go/graph/data_access/esi/universe/universe_rest.go:625.2,625.22 1 0
github.com/cryanbrow/eve-graphql-go/graph/data_access/esi/universe/universe_rest.go:628.2,634.16 6 0
github.com/cryanbrow/eve-graphql-go/graph/data_access/esi/universe/universe_rest.go:638.2,638.64 1 0
github.com/cryanbrow/eve-graphql-go/graph/data_access/esi/universe/universe_rest.go:643.2,643.21 1 0
github.com/cryanbrow/eve-graphql-go/graph/data_access/esi/universe/universe_rest.go:622.15,624.3 1 0
github.com/cryanbrow/eve-graphql-go/graph/data_access/esi/universe/universe_rest.go:625.22,627.3 1 0
github.com/cryanbrow/eve-graphql-go/graph/data_access/esi/universe/universe_rest.go:634.16,636.3 1 0
github.com/cryanbrow/eve-graphql-go/graph/data_access/esi/universe/universe_rest.go:638.64,641.3 2 0
github.com/cryanbrow/eve-graphql-go/graph/data_access/esi/universe/universe_rest.go:646.57,648.30 2 0
github.com/cryanbrow/eve-graphql-go/graph/data_access/esi/universe/universe_rest.go:656.2,656.27 1 0
github.com/cryanbrow/eve-graphql-go/graph/data_access/esi/universe/universe_rest.go:648.30,650.17 2 0
github.com/cryanbrow/eve-graphql-go/graph/data_access/esi/universe/universe_rest.go:650.17,652.4 1 0
github.com/cryanbrow/eve-graphql-go/graph/data_access/esi/universe/universe_rest.go:652.9,654.4 1 0
github.com/cryanbrow/eve-graphql-go/graph/data_access/esi/universe/universe_rest.go:659.49,660.15 1 0
github.com/cryanbrow/eve-graphql-go/graph/data_access/esi/universe/universe_rest.go:663.2,669.16 6 0
github.com/cryanbrow/eve-graphql-go/graph/data_access/esi/universe/universe_rest.go:673.2,673.63 1 0
github.com/cryanbrow/eve-graphql-go/graph/data_access/esi/universe/universe_rest.go:678.2,678.20 1 0
github.com/cryanbrow/eve-graphql-go/graph/data_access/esi/universe/universe_rest.go:660.15,662.3 1 0
github.com/cryanbrow/eve-graphql-go/graph/data_access/esi/universe/universe_rest.go:669.16,671.3 1 0
github.com/cryanbrow/eve-graphql-go/graph/data_access/esi/universe/universe_rest.go:673.63,676.3 2 0
github.com/cryanbrow/eve-graphql-go/graph/data_access/esi/universe/universe_rest.go:690.26,692.2 1 0
github.com/cryanbrow/eve-graphql-go/graph/data_access/esi/market/market_rest.go:18.59,20.15 2 0
github.com/cryanbrow/eve-graphql-go/graph/data_access/esi/market/market_rest.go:23.2,28.16 5 0
github.com/cryanbrow/eve-graphql-go/graph/data_access/esi/market/market_rest.go:32.2,32.68 1 0
github.com/cryanbrow/eve-graphql-go/graph/data_access/esi/market/market_rest.go:37.2,37.25 1 0
github.com/cryanbrow/eve-graphql-go/graph/data_access/esi/market/market_rest.go:20.15,22.3 1 0
github.com/cryanbrow/eve-graphql-go/graph/data_access/esi/market/market_rest.go:28.16,30.3 1 0
github.com/cryanbrow/eve-graphql-go/graph/data_access/esi/market/market_rest.go:32.68,35.3 2 0
github.com/cryanbrow/eve-graphql-go/graph/data_access/esi/market/market_rest.go:40.118,53.19 10 0
github.com/cryanbrow/eve-graphql-go/graph/data_access/esi/market/market_rest.go:60.2,64.16 3 0
github.com/cryanbrow/eve-graphql-go/graph/data_access/esi/market/market_rest.go:71.2,75.27 4 0
github.com/cryanbrow/eve-graphql-go/graph/data_access/esi/market/market_rest.go:53.19,58.3 4 0
github.com/cryanbrow/eve-graphql-go/graph/data_access/esi/market/market_rest.go:64.16,66.3 1 0
github.com/cryanbrow/eve-graphql-go/graph/data_access/esi/market/market_rest.go:66.8,69.3 2 0
github.com/cryanbrow/eve-graphql-go/graph/data_access/esi/market/market_rest.go:78.130,80.16 2 0
github.com/cryanbrow/eve-graphql-go/graph/data_access/esi/market/market_rest.go:83.2,84.16 2 0
github.com/cryanbrow/eve-graphql-go/graph/data_access/esi/market/market_rest.go:87.2,88.16 2 0
github.com/cryanbrow/eve-graphql-go/graph/data_access/esi/market/market_rest.go:92.2,92.20 1 0
github.com/cryanbrow/eve-graphql-go/graph/data_access/esi/market/market_rest.go:80.16,82.3 1 0
github.com/cryanbrow/eve-graphql-go/graph/data_access/esi/market/market_rest.go:84.16,86.3 1 0
github.com/cryanbrow/eve-graphql-go/graph/data_access/esi/market/market_rest.go:88.16,90.3 1 0
github.com/cryanbrow/eve-graphql-go/graph/data_access/esi/market/market_rest.go:95.136,100.16 5 0
github.com/cryanbrow/eve-graphql-go/graph/data_access/esi/market/market_rest.go:104.2,106.63 2 0
github.com/cryanbrow/eve-graphql-go/graph/data_access/esi/market/market_rest.go:111.2,111.27 1 0
github.com/cryanbrow/eve-graphql-go/graph/data_access/esi/market/market_rest.go:100.16,102.3 1 0
github.com/cryanbrow/eve-graphql-go/graph/data_access/esi/market/market_rest.go:106.63,109.3 2 0
github.com/cryanbrow/eve-graphql-go/graph/data_access/esi/market/market_rest.go:114.78,115.38 1 0
github.com/cryanbrow/eve-graphql-go/graph/data_access/esi/market/market_rest.go:118.2,124.16 6 0
github.com/cryanbrow/eve-graphql-go/graph/data_access/esi/market/market_rest.go:128.2,128.69 1 0
github.com/cryanbrow/eve-graphql-go/graph/data_access/esi/market/market_rest.go:133.2,133.26 1 0
github.com/cryanbrow/eve-graphql-go/graph/data_access/esi/market/market_rest.go:115.38,117.3 1 0
github.com/cryanbrow/eve-graphql-go/graph/data_access/esi/market/market_rest.go:124.16,126.3 1 0
github.com/cryanbrow/eve-graphql-go/graph/data_access/esi/market/market_rest.go:128.69,131.3 2 0
github.com/cryanbrow/eve-graphql-go/graph/helpers/rest_helper.go:14.179,16.14 2 1
github.com/cryanbrow/eve-graphql-go/graph/helpers/rest_helper.go:57.2,57.25 1 0
github.com/cryanbrow/eve-graphql-go/graph/helpers/rest_helper.go:16.14,18.17 2 1
github.com/cryanbrow/eve-graphql-go/graph/helpers/rest_helper.go:22.3,23.71 2 1
github.com/cryanbrow/eve-graphql-go/graph/helpers/rest_helper.go:26.3,26.46 1 1
github.com/cryanbrow/eve-graphql-go/graph/helpers/rest_helper.go:30.3,35.17 5 1
github.com/cryanbrow/eve-graphql-go/graph/helpers/rest_helper.go:38.3,39.17 2 1
github.com/cryanbrow/eve-graphql-go/graph/helpers/rest_helper.go:44.3,46.33 3 1
github.com/cryanbrow/eve-graphql-go/graph/helpers/rest_helper.go:50.3,50.17 1 1
github.com/cryanbrow/eve-graphql-go/graph/helpers/rest_helper.go:54.3,55.31 2 1
github.com/cryanbrow/eve-graphql-go/graph/helpers/rest_helper.go:18.17,21.4 2 1
github.com/cryanbrow/eve-graphql-go/graph/helpers/rest_helper.go:23.71,25.4 1 1
github.com/cryanbrow/eve-graphql-go/graph/helpers/rest_helper.go:26.46,28.4 1 1
github.com/cryanbrow/eve-graphql-go/graph/helpers/rest_helper.go:35.17,37.4 1 0
github.com/cryanbrow/eve-graphql-go/graph/helpers/rest_helper.go:39.17,42.4 2 0
github.com/cryanbrow/eve-graphql-go/graph/helpers/rest_helper.go:46.33,49.4 2 0
github.com/cryanbrow/eve-graphql-go/graph/helpers/rest_helper.go:50.17,53.4 2 0
github.com/cryanbrow/eve-graphql-go/graph/helpers/rest_helper.go:74.24,77.2 2 0
github.com/cryanbrow/eve-graphql-go/graph/configuration/app_config.go:40.17,43.26 3 0
github.com/cryanbrow/eve-graphql-go/graph/configuration/app_config.go:49.2,49.16 1 0
github.com/cryanbrow/eve-graphql-go/graph/configuration/app_config.go:52.2,56.16 4 0
github.com/cryanbrow/eve-graphql-go/graph/configuration/app_config.go:43.26,45.3 1 0
github.com/cryanbrow/eve-graphql-go/graph/configuration/app_config.go:45.8,48.3 2 0
github.com/cryanbrow/eve-graphql-go/graph/configuration/app_config.go:49.16,51.3 1 0
github.com/cryanbrow/eve-graphql-go/graph/configuration/app_config.go:56.16,58.3 1 0
github.com/cryanbrow/eve-graphql-go/graph/configuration/app_config.go:61.16,63.16 2 0
github.com/cryanbrow/eve-graphql-go/graph/configuration/app_config.go:63.16,65.3 1 0
github.com/cryanbrow/eve-graphql-go/graph/configuration/app_config.go:68.30,71.2 2 0
github.com/cryanbrow/eve-graphql-go/graph/configuration/app_config.go:73.21,77.2 3 0
github.com/cryanbrow/eve-graphql-go/graph/configuration/app_config.go:79.26,83.2 3 0
